Mplus VERSION 7 (Mac)
MUTHEN & MUTHEN
08/12/2015  12:50 PM

INPUT INSTRUCTIONS

  TITLE: Second-Order Factor Model
         (Reinecke/Schmidt/Ajzen, 1997)
         Basic Model

  DATA:
          FILE is 1997.dat;
          FORMAT is free;
          TYPE is COVARIANCE;
          NOBSERVATIONS are 800;

  VARIABLE:
          NAMES ARE
          V50 V53 V55 V57 V47 V59
          V83_1 V83_3 V94_A V94_B V94_C V84 V85;

  ANALYSIS: TYPE = GENERAL ;

  MODEL:

  !Measurement Model (First-order factors)

          ATT1 BY V50;
          ATT1 BY V53;
          NORM1 BY V55;
          NORM1 BY V57;
          PBC1 BY V47;
          PBC1 BY V59;
          ATT2 BY V83_1;
          ATT2 BY V83_3;
          NORM2 BY V94_A;
          NORM2 BY V94_B;
          NORM2 BY V94_C;
          PBC2 BY V84;
          PBC2 BY V85;

  !Measurement Model (Second-order factors)

          VER BY ATT1 NORM1 PBC1;
          PRAE BY ATT2 NORM2 PBC2;

  OUTPUT: SAMPSTAT RESIDUAL STDYX TECH1 TECH4;



*** WARNING in DATA command
  Summary data must be in free format.  The FORMAT option
  will be ignored.
   1 WARNING(S) FOUND IN THE INPUT INSTRUCTIONS



Second-Order Factor Model
(Reinecke/Schmidt/Ajzen, 1997)
Basic Model

SUMMARY OF ANALYSIS

Number of groups                                                 1
Number of observations                                         800

Number of dependent variables                                   13
Number of independent variables                                  0
Number of continuous latent variables                            8

Observed dependent variables

  Continuous
   V50         V53         V55         V57         V47         V59
   V83_1       V83_3       V94_A       V94_B       V94_C       V84
   V85

Continuous latent variables
   ATT1        NORM1       PBC1        ATT2        NORM2       PBC2
   VER         PRAE


Estimator                                                       ML
Information matrix                                        EXPECTED
Maximum number of iterations                                  1000
Convergence criterion                                    0.500D-04
Maximum number of steepest descent iterations                   20

Input data file(s)
  1997.dat

Input data format  FREE


SAMPLE STATISTICS


     SAMPLE STATISTICS


           Covariances/Correlations/Residual Correlations
              V50           V53           V55           V57           V47
              ________      ________      ________      ________      ________
 V50            3.413
 V53            2.153         3.654
 V55            0.448         0.282         2.512
 V57            1.791         1.375         1.065         4.365
 V47            0.935         0.618         0.513         1.144         3.161
 V59            1.373         1.365         0.584         1.392         1.011
 V83_1          0.685         0.667         0.479         0.510         0.519
 V83_3          0.962         0.903         0.389         0.568         0.473
 V94_A          0.073         0.085         0.068         0.097         0.065
 V94_B          0.055         0.071         0.051         0.069         0.074
 V94_C          0.103         0.114         0.040         0.098         0.082
 V84            0.632         0.584         0.479         0.708         0.903
 V85            0.945         0.776         0.405         0.812         0.959


           Covariances/Correlations/Residual Correlations
              V59           V83_1         V83_3         V94_A         V94_B
              ________      ________      ________      ________      ________
 V59            2.976
 V83_1          0.678         2.412
 V83_3          0.728         1.775         2.987
 V94_A          0.063         0.103         0.112         0.119
 V94_B          0.053         0.110         0.139         0.056         0.134
 V94_C          0.074         0.119         0.128         0.049         0.062
 V84            0.816         0.759         0.763         0.091         0.070
 V85            1.192         0.769         0.724         0.071         0.083


           Covariances/Correlations/Residual Correlations
              V94_C         V84           V85
              ________      ________      ________
 V94_C          0.138
 V84            0.113         3.240
 V85            0.107         1.466         3.302


THE MODEL ESTIMATION TERMINATED NORMALLY

     WARNING:  THE LATENT VARIABLE COVARIANCE MATRIX (PSI) IS NOT POSITIVE
     DEFINITE.  THIS COULD INDICATE A NEGATIVE VARIANCE/RESIDUAL VARIANCE FOR A
     LATENT VARIABLE, A CORRELATION GREATER OR EQUAL TO ONE BETWEEN TWO LATENT
     VARIABLES, OR A LINEAR DEPENDENCY AMONG MORE THAN TWO LATENT VARIABLES.
     CHECK THE TECH4 OUTPUT FOR MORE INFORMATION.
     PROBLEM INVOLVING VARIABLE PBC1.




MODEL FIT INFORMATION

Number of Free Parameters                       33

Loglikelihood

          H0 Value                      -15692.974
          H1 Value                      -15615.501

Information Criteria

          Akaike (AIC)                   31451.948
          Bayesian (BIC)                 31606.540
          Sample-Size Adjusted BIC       31501.746
            (n* = (n + 2) / 24)

Chi-Square Test of Model Fit

          Value                            154.946
          Degrees of Freedom                    58
          P-Value                           0.0000

RMSEA (Root Mean Square Error Of Approximation)

          Estimate                           0.046
          90 Percent C.I.                    0.037  0.054
          Probability RMSEA <= .05           0.781

CFI/TLI

          CFI                                0.961
          TLI                                0.948

Chi-Square Test of Model Fit for the Baseline Model

          Value                           2578.199
          Degrees of Freedom                    78
          P-Value                           0.0000

SRMR (Standardized Root Mean Square Residual)

          Value                              0.039



MODEL RESULTS

                                                    Two-Tailed
                    Estimate       S.E.  Est./S.E.    P-Value

 ATT1     BY
    V50                1.000      0.000    999.000    999.000
    V53                0.868      0.056     15.634      0.000

 NORM1    BY
    V55                1.000      0.000    999.000    999.000
    V57                2.588      0.343      7.547      0.000

 PBC1     BY
    V47                1.000      0.000    999.000    999.000
    V59                1.353      0.123     11.008      0.000

 ATT2     BY
    V83_1              1.000      0.000    999.000    999.000
    V83_3              1.074      0.081     13.318      0.000

 NORM2    BY
    V94_A              1.000      0.000    999.000    999.000
    V94_B              1.204      0.102     11.795      0.000
    V94_C              1.127      0.096     11.792      0.000

 PBC2     BY
    V84                1.000      0.000    999.000    999.000
    V85                1.158      0.108     10.682      0.000

 VER      BY
    ATT1               1.000      0.000    999.000    999.000
    NORM1              0.400      0.057      7.043      0.000
    PBC1               0.722      0.071     10.206      0.000

 PRAE     BY
    ATT2               1.000      0.000    999.000    999.000
    NORM2              0.116      0.018      6.554      0.000
    PBC2               1.135      0.138      8.214      0.000

 PRAE     WITH
    VER                0.722      0.085      8.507      0.000

 Variances
    VER                1.454      0.166      8.734      0.000
    PRAE               0.621      0.104      5.952      0.000

 Residual Variances
    V50                0.931      0.141      6.614      0.000
    V53                1.783      0.134     13.303      0.000
    V55                2.098      0.116     18.126      0.000
    V57                1.606      0.337      4.761      0.000
    V47                2.411      0.137     17.628      0.000
    V59                1.606      0.143     11.235      0.000
    V83_1              0.759      0.119      6.372      0.000
    V83_3              1.079      0.141      7.649      0.000
    V94_A              0.074      0.005     14.502      0.000
    V94_B              0.068      0.006     11.378      0.000
    V94_C              0.080      0.006     13.500      0.000
    V84                1.972      0.147     13.398      0.000
    V85                1.602      0.167      9.586      0.000
    ATT1               1.023      0.153      6.693      0.000
    NORM1              0.179      0.043      4.154      0.000
    PBC1              -0.011      0.070     -0.164      0.870
    ATT2               1.029      0.125      8.222      0.000
    NORM2              0.037      0.005      7.398      0.000
    PBC2               0.464      0.111      4.193      0.000


STANDARDIZED MODEL RESULTS


STDYX Standardization

                                                    Two-Tailed
                    Estimate       S.E.  Est./S.E.    P-Value

 ATT1     BY
    V50                0.853      0.025     34.353      0.000
    V53                0.715      0.026     27.708      0.000

 NORM1    BY
    V55                0.405      0.038     10.613      0.000
    V57                0.795      0.049     16.199      0.000

 PBC1     BY
    V47                0.486      0.034     14.204      0.000
    V59                0.678      0.035     19.363      0.000

 ATT2     BY
    V83_1              0.828      0.030     27.204      0.000
    V83_3              0.799      0.030     26.481      0.000

 NORM2    BY
    V94_A              0.618      0.032     19.117      0.000
    V94_B              0.701      0.032     22.030      0.000
    V94_C              0.647      0.032     20.167      0.000

 PBC2     BY
    V84                0.625      0.035     18.085      0.000
    V85                0.717      0.035     20.236      0.000

 VER      BY
    ATT1               0.766      0.032     24.254      0.000
    NORM1              0.752      0.050     14.894      0.000
    PBC1               1.008      0.047     21.647      0.000

 PRAE     BY
    ATT2               0.613      0.040     15.257      0.000
    NORM2              0.428      0.047      9.054      0.000
    PBC2               0.796      0.047     17.094      0.000

 PRAE     WITH
    VER                0.760      0.042     18.128      0.000

 Variances
    VER                1.000      0.000    999.000    999.000
    PRAE               1.000      0.000    999.000    999.000

 Residual Variances
    V50                0.273      0.042      6.456      0.000
    V53                0.489      0.037     13.236      0.000
    V55                0.836      0.031     27.091      0.000
    V57                0.368      0.078      4.725      0.000
    V47                0.764      0.033     22.943      0.000
    V59                0.540      0.047     11.381      0.000
    V83_1              0.315      0.050      6.256      0.000
    V83_3              0.362      0.048      7.499      0.000
    V94_A              0.619      0.040     15.501      0.000
    V94_B              0.509      0.045     11.411      0.000
    V94_C              0.582      0.041     14.034      0.000
    V84                0.609      0.043     14.109      0.000
    V85                0.486      0.051      9.554      0.000
    ATT1               0.413      0.048      8.535      0.000
    NORM1              0.435      0.076      5.727      0.000
    PBC1              -0.015    999.000    999.000    999.000
    ATT2               0.624      0.049     12.642      0.000
    NORM2              0.817      0.040     20.224      0.000
    PBC2               0.367      0.074      4.957      0.000


R-SQUARE

    Observed                                        Two-Tailed
    Variable        Estimate       S.E.  Est./S.E.    P-Value

    V50                0.727      0.042     17.177      0.000
    V53                0.511      0.037     13.854      0.000
    V55                0.164      0.031      5.306      0.000
    V57                0.632      0.078      8.099      0.000
    V47                0.236      0.033      7.102      0.000
    V59                0.460      0.047      9.682      0.000
    V83_1              0.685      0.050     13.602      0.000
    V83_3              0.638      0.048     13.240      0.000
    V94_A              0.381      0.040      9.559      0.000
    V94_B              0.491      0.045     11.015      0.000
    V94_C              0.418      0.041     10.083      0.000
    V84                0.391      0.043      9.043      0.000
    V85                0.514      0.051     10.118      0.000

     Latent                                         Two-Tailed
    Variable        Estimate       S.E.  Est./S.E.    P-Value

    ATT1               0.587      0.048     12.127      0.000
    NORM1              0.565      0.076      7.447      0.000
    PBC1            Undefined   0.10153E+01
    ATT2               0.376      0.049      7.629      0.000
    NORM2              0.183      0.040      4.527      0.000
    PBC2               0.633      0.074      8.547      0.000


QUALITY OF NUMERICAL RESULTS

     Condition Number for the Information Matrix              0.545E-04
       (ratio of smallest to largest eigenvalue)


RESIDUAL OUTPUT


     ESTIMATED MODEL AND RESIDUALS (OBSERVED - ESTIMATED)


           Model Estimated Covariances/Correlations/Residual Correlations
              V50           V53           V55           V57           V47
              ________      ________      ________      ________      ________
 V50            3.409
 V53            2.150         3.649
 V55            0.581         0.504         2.509
 V57            1.504         1.306         1.064         4.360
 V47            1.050         0.911         0.420         1.086         3.157
 V59            1.420         1.233         0.568         1.469         1.010
 V83_1          0.722         0.626         0.288         0.747         0.521
 V83_3          0.775         0.673         0.310         0.802         0.560
 V94_A          0.083         0.072         0.033         0.086         0.060
 V94_B          0.100         0.087         0.040         0.104         0.072
 V94_C          0.094         0.082         0.038         0.097         0.068
 V84            0.819         0.711         0.327         0.848         0.591
 V85            0.949         0.824         0.379         0.982         0.685


           Model Estimated Covariances/Correlations/Residual Correlations
              V59           V83_1         V83_3         V94_A         V94_B
              ________      ________      ________      ________      ________
 V59            2.972
 V83_1          0.705         2.409
 V83_3          0.757         1.773         2.983
 V94_A          0.081         0.072         0.077         0.119
 V94_B          0.098         0.086         0.093         0.055         0.134
 V94_C          0.092         0.081         0.087         0.051         0.062
 V84            0.800         0.705         0.757         0.081         0.098
 V85            0.927         0.816         0.877         0.094         0.114


           Model Estimated Covariances/Correlations/Residual Correlations
              V94_C         V84           V85
              ________      ________      ________
 V94_C          0.138
 V84            0.092         3.236
 V85            0.106         1.464         3.298


           Residuals for Covariances/Correlations/Residual Correlations
              V50           V53           V55           V57           V47
              ________      ________      ________      ________      ________
 V50            0.000
 V53            0.000         0.000
 V55           -0.134        -0.223         0.000
 V57            0.284         0.068         0.000         0.000
 V47           -0.116        -0.294         0.093         0.057         0.000
 V59           -0.049         0.131         0.016        -0.079         0.000
 V83_1         -0.038         0.040         0.190        -0.237        -0.003
 V83_3          0.185         0.229         0.079        -0.235        -0.087
 V94_A         -0.010         0.013         0.035         0.011         0.005
 V94_B         -0.046        -0.016         0.011        -0.035         0.001
 V94_C          0.009         0.032         0.002         0.001         0.014
 V84           -0.188        -0.128         0.151        -0.140         0.311
 V85           -0.005        -0.049         0.025        -0.171         0.273


           Residuals for Covariances/Correlations/Residual Correlations
              V59           V83_1         V83_3         V94_A         V94_B
              ________      ________      ________      ________      ________
 V59            0.000
 V83_1         -0.028         0.000
 V83_3         -0.030         0.000         0.000
 V94_A         -0.019         0.031         0.035         0.000
 V94_B         -0.045         0.023         0.046         0.001         0.000
 V94_C         -0.018         0.038         0.041        -0.002         0.000
 V84            0.015         0.053         0.005         0.009        -0.028
 V85            0.264        -0.048        -0.154        -0.023        -0.031


           Residuals for Covariances/Correlations/Residual Correlations
              V94_C         V84           V85
              ________      ________      ________
 V94_C          0.000
 V84            0.021         0.000
 V85            0.000         0.000         0.000


           Standardized Residuals (z-scores) for Covariances/Correlations/Residual Corr
              V50           V53           V55           V57           V47
              ________      ________      ________      ________      ________
 V50            0.016
 V53            0.019         0.015
 V55           -2.277        -3.018         0.017
 V57            4.512         0.938         0.034         0.026
 V47           -2.248        -4.407         1.227         0.792         0.009
 V59           -1.536         2.549         0.298        -1.856         0.017
 V83_1         -0.623         0.539         2.568        -3.247        -0.037
 V83_3          2.569         2.679         0.956        -2.823        -1.087
 V94_A         -0.566         0.614         1.889         0.487         0.244
 V94_B         -2.465        -0.786         0.567        -1.601         0.071
 V94_C          0.448         1.481         0.121         0.026         0.679
 V84           -2.694        -1.506         1.760        -1.604         3.544
 V85           -0.078        -0.602         0.307        -2.094         3.266


           Standardized Residuals (z-scores) for Covariances/Correlations/Residual Corr
              V59           V83_1         V83_3         V94_A         V94_B
              ________      ________      ________      ________      ________
 V59            0.000
 V83_1         -0.520         0.000
 V83_3         -0.497         0.000         0.000
 V94_A         -1.092         2.000         1.987         0.000
 V94_B         -2.689         1.516         2.605         1.523         0.000
 V94_C         -1.001         2.306         2.209        -2.523         0.496
 V84            0.231         1.012         0.081         0.528        -1.601
 V85            4.079        -1.149        -3.254        -1.388        -1.873


           Standardized Residuals (z-scores) for Covariances/Correlations/Residual Corr
              V94_C         V84           V85
              ________      ________      ________
 V94_C          0.000
 V84            1.111       999.000
 V85            0.028         0.012         0.017


           Normalized Residuals for Covariances/Correlations/Residual Correlations
              V50           V53           V55           V57           V47
              ________      ________      ________      ________      ________
 V50            0.000
 V53            0.000         0.000
 V55           -1.279        -2.073         0.000
 V57            1.893         0.453         0.000         0.000
 V47           -0.960        -2.408         0.918         0.413         0.000
 V59           -0.399         1.037         0.158        -0.579         0.000
 V83_1         -0.361         0.370         2.145        -2.047        -0.027
 V83_3          1.574         1.892         0.804        -1.821        -0.796
 V94_A         -0.463         0.533         1.777         0.412         0.216
 V94_B         -1.899        -0.655         0.525        -1.290         0.061
 V94_C          0.361         1.270         0.114         0.021         0.597
 V84           -1.573        -1.037         1.478        -1.039         2.645
 V85           -0.042        -0.387         0.245        -1.246         2.292


           Normalized Residuals for Covariances/Correlations/Residual Correlations
              V59           V83_1         V83_3         V94_A         V94_B
              ________      ________      ________      ________      ________
 V59            0.000
 V83_1         -0.285         0.000
 V83_3         -0.279         0.000         0.000
 V94_A         -0.877         1.615         1.623         0.000
 V94_B         -2.018         1.147         2.011         0.275         0.000
 V94_C         -0.787         1.824         1.770        -0.449         0.071
 V84            0.131         0.520         0.043         0.426        -1.203
 V85            2.226        -0.469        -1.354        -1.052        -1.298


           Normalized Residuals for Covariances/Correlations/Residual Correlations
              V94_C         V84           V85
              ________      ________      ________
 V94_C          0.000
 V84            0.879         0.000
 V85            0.021         0.000         0.000


TECHNICAL 1 OUTPUT


     PARAMETER SPECIFICATION


           LAMBDA
              ATT1          NORM1         PBC1          ATT2          NORM2
              ________      ________      ________      ________      ________
 V50                0             0             0             0             0
 V53                1             0             0             0             0
 V55                0             0             0             0             0
 V57                0             2             0             0             0
 V47                0             0             0             0             0
 V59                0             0             3             0             0
 V83_1              0             0             0             0             0
 V83_3              0             0             0             4             0
 V94_A              0             0             0             0             0
 V94_B              0             0             0             0             5
 V94_C              0             0             0             0             6
 V84                0             0             0             0             0
 V85                0             0             0             0             0


           LAMBDA
              PBC2          VER           PRAE
              ________      ________      ________
 V50                0             0             0
 V53                0             0             0
 V55                0             0             0
 V57                0             0             0
 V47                0             0             0
 V59                0             0             0
 V83_1              0             0             0
 V83_3              0             0             0
 V94_A              0             0             0
 V94_B              0             0             0
 V94_C              0             0             0
 V84                0             0             0
 V85                7             0             0


           THETA
              V50           V53           V55           V57           V47
              ________      ________      ________      ________      ________
 V50                8
 V53                0             9
 V55                0             0            10
 V57                0             0             0            11
 V47                0             0             0             0            12
 V59                0             0             0             0             0
 V83_1              0             0             0             0             0
 V83_3              0             0             0             0             0
 V94_A              0             0             0             0             0
 V94_B              0             0             0             0             0
 V94_C              0             0             0             0             0
 V84                0             0             0             0             0
 V85                0             0             0             0             0


           THETA
              V59           V83_1         V83_3         V94_A         V94_B
              ________      ________      ________      ________      ________
 V59               13
 V83_1              0            14
 V83_3              0             0            15
 V94_A              0             0             0            16
 V94_B              0             0             0             0            17
 V94_C              0             0             0             0             0
 V84                0             0             0             0             0
 V85                0             0             0             0             0


           THETA
              V94_C         V84           V85
              ________      ________      ________
 V94_C             18
 V84                0            19
 V85                0             0            20


           BETA
              ATT1          NORM1         PBC1          ATT2          NORM2
              ________      ________      ________      ________      ________
 ATT1               0             0             0             0             0
 NORM1              0             0             0             0             0
 PBC1               0             0             0             0             0
 ATT2               0             0             0             0             0
 NORM2              0             0             0             0             0
 PBC2               0             0             0             0             0
 VER                0             0             0             0             0
 PRAE               0             0             0             0             0


           BETA
              PBC2          VER           PRAE
              ________      ________      ________
 ATT1               0             0             0
 NORM1              0            21             0
 PBC1               0            22             0
 ATT2               0             0             0
 NORM2              0             0            23
 PBC2               0             0            24
 VER                0             0             0
 PRAE               0             0             0


           PSI
              ATT1          NORM1         PBC1          ATT2          NORM2
              ________      ________      ________      ________      ________
 ATT1              25
 NORM1              0            26
 PBC1               0             0            27
 ATT2               0             0             0            28
 NORM2              0             0             0             0            29
 PBC2               0             0             0             0             0
 VER                0             0             0             0             0
 PRAE               0             0             0             0             0


           PSI
              PBC2          VER           PRAE
              ________      ________      ________
 PBC2              30
 VER                0            31
 PRAE               0            32            33


     STARTING VALUES


           LAMBDA
              ATT1          NORM1         PBC1          ATT2          NORM2
              ________      ________      ________      ________      ________
 V50            1.000         0.000         0.000         0.000         0.000
 V53            1.000         0.000         0.000         0.000         0.000
 V55            0.000         1.000         0.000         0.000         0.000
 V57            0.000         1.000         0.000         0.000         0.000
 V47            0.000         0.000         1.000         0.000         0.000
 V59            0.000         0.000         1.000         0.000         0.000
 V83_1          0.000         0.000         0.000         1.000         0.000
 V83_3          0.000         0.000         0.000         1.000         0.000
 V94_A          0.000         0.000         0.000         0.000         1.000
 V94_B          0.000         0.000         0.000         0.000         1.000
 V94_C          0.000         0.000         0.000         0.000         1.000
 V84            0.000         0.000         0.000         0.000         0.000
 V85            0.000         0.000         0.000         0.000         0.000


           LAMBDA
              PBC2          VER           PRAE
              ________      ________      ________
 V50            0.000         0.000         0.000
 V53            0.000         0.000         0.000
 V55            0.000         0.000         0.000
 V57            0.000         0.000         0.000
 V47            0.000         0.000         0.000
 V59            0.000         0.000         0.000
 V83_1          0.000         0.000         0.000
 V83_3          0.000         0.000         0.000
 V94_A          0.000         0.000         0.000
 V94_B          0.000         0.000         0.000
 V94_C          0.000         0.000         0.000
 V84            1.000         0.000         0.000
 V85            1.000         0.000         0.000


           THETA
              V50           V53           V55           V57           V47
              ________      ________      ________      ________      ________
 V50            1.707
 V53            0.000         1.827
 V55            0.000         0.000         1.256
 V57            0.000         0.000         0.000         2.182
 V47            0.000         0.000         0.000         0.000         1.581
 V59            0.000         0.000         0.000         0.000         0.000
 V83_1          0.000         0.000         0.000         0.000         0.000
 V83_3          0.000         0.000         0.000         0.000         0.000
 V94_A          0.000         0.000         0.000         0.000         0.000
 V94_B          0.000         0.000         0.000         0.000         0.000
 V94_C          0.000         0.000         0.000         0.000         0.000
 V84            0.000         0.000         0.000         0.000         0.000
 V85            0.000         0.000         0.000         0.000         0.000


           THETA
              V59           V83_1         V83_3         V94_A         V94_B
              ________      ________      ________      ________      ________
 V59            1.488
 V83_1          0.000         1.206
 V83_3          0.000         0.000         1.493
 V94_A          0.000         0.000         0.000         0.060
 V94_B          0.000         0.000         0.000         0.000         0.067
 V94_C          0.000         0.000         0.000         0.000         0.000
 V84            0.000         0.000         0.000         0.000         0.000
 V85            0.000         0.000         0.000         0.000         0.000


           THETA
              V94_C         V84           V85
              ________      ________      ________
 V94_C          0.069
 V84            0.000         1.620
 V85            0.000         0.000         1.651


           BETA
              ATT1          NORM1         PBC1          ATT2          NORM2
              ________      ________      ________      ________      ________
 ATT1           0.000         0.000         0.000         0.000         0.000
 NORM1          0.000         0.000         0.000         0.000         0.000
 PBC1           0.000         0.000         0.000         0.000         0.000
 ATT2           0.000         0.000         0.000         0.000         0.000
 NORM2          0.000         0.000         0.000         0.000         0.000
 PBC2           0.000         0.000         0.000         0.000         0.000
 VER            0.000         0.000         0.000         0.000         0.000
 PRAE           0.000         0.000         0.000         0.000         0.000


           BETA
              PBC2          VER           PRAE
              ________      ________      ________
 ATT1           0.000         1.000         0.000
 NORM1          0.000         1.000         0.000
 PBC1           0.000         1.000         0.000
 ATT2           0.000         0.000         1.000
 NORM2          0.000         0.000         1.000
 PBC2           0.000         0.000         1.000
 VER            0.000         0.000         0.000
 PRAE           0.000         0.000         0.000


           PSI
              ATT1          NORM1         PBC1          ATT2          NORM2
              ________      ________      ________      ________      ________
 ATT1           0.050
 NORM1          0.000         0.050
 PBC1           0.000         0.000         0.050
 ATT2           0.000         0.000         0.000         0.050
 NORM2          0.000         0.000         0.000         0.000         0.050
 PBC2           0.000         0.000         0.000         0.000         0.000
 VER            0.000         0.000         0.000         0.000         0.000
 PRAE           0.000         0.000         0.000         0.000         0.000


           PSI
              PBC2          VER           PRAE
              ________      ________      ________
 PBC2           0.050
 VER            0.000         0.050
 PRAE           0.000         0.000         0.050


TECHNICAL 4 OUTPUT


     ESTIMATES DERIVED FROM THE MODEL


           ESTIMATED COVARIANCE MATRIX FOR THE LATENT VARIABLES
              ATT1          NORM1         PBC1          ATT2          NORM2
              ________      ________      ________      ________      ________
 ATT1           2.477
 NORM1          0.581         0.411
 PBC1           1.050         0.420         0.746
 ATT2           0.722         0.288         0.521         1.650
 NORM2          0.083         0.033         0.060         0.072         0.045
 PBC2           0.819         0.327         0.591         0.705         0.081
 VER            1.454         0.581         1.050         0.722         0.083
 PRAE           0.722         0.288         0.521         0.621         0.072


           ESTIMATED COVARIANCE MATRIX FOR THE LATENT VARIABLES
              PBC2          VER           PRAE
              ________      ________      ________
 PBC2           1.264
 VER            0.819         1.454
 PRAE           0.705         0.722         0.621


           ESTIMATED CORRELATION MATRIX FOR THE LATENT VARIABLES
              ATT1          NORM1         PBC1          ATT2          NORM2
              ________      ________      ________      ________      ________
 ATT1           1.000
 NORM1          0.576         1.000
 PBC1           0.772         0.758         1.000
 ATT2           0.357         0.350         0.470         1.000
 NORM2          0.249         0.244         0.327         0.262         1.000
 PBC2           0.463         0.454         0.609         0.488         0.340
 VER            0.766         0.752         1.008         0.466         0.325
 PRAE           0.582         0.571         0.765         0.613         0.428


           ESTIMATED CORRELATION MATRIX FOR THE LATENT VARIABLES
              PBC2          VER           PRAE
              ________      ________      ________
 PBC2           1.000
 VER            0.604         1.000
 PRAE           0.796         0.760         1.000


     Beginning Time:  12:50:38
        Ending Time:  12:50:38
       Elapsed Time:  00:00:00



MUTHEN & MUTHEN
3463 Stoner Ave.
Los Angeles, CA  90066

Tel: (310) 391-9971
Fax: (310) 391-8971
Web: www.StatModel.com
Support: Support@StatModel.com

Copyright (c) 1998-2012 Muthen & Muthen
