Mplus VERSION 7 (Mac)
MUTHEN & MUTHEN
08/11/2015   4:17 PM

INPUT INSTRUCTIONS

  Data: FILE is ess3at_TRACO_UNIV_ATT.dat;
  listwise=on;
  Variable: Names are ipmodst imptrad ipfrule ipbhprp ipeqopt ipudrst
  impenv imsmetn imdfetn impcntr;
  usevariables are ipmodst imptrad ipfrule ipbhprp;
  missing = ipmodst imptrad ipfrule ipbhprp (7-9);
  analysis:
  Model = nomeanstructure;
  information = expected;
  model: TRA by ipmodst imptrad ipfrule ipbhprp;
  TRA@1.0;
  output: sampstat residual Stdyx Tech1;



INPUT READING TERMINATED NORMALLY




SUMMARY OF ANALYSIS

Number of groups                                                 1
Number of observations                                        2253

Number of dependent variables                                    4
Number of independent variables                                  0
Number of continuous latent variables                            1

Observed dependent variables

  Continuous
   IPMODST     IMPTRAD     IPFRULE     IPBHPRP

Continuous latent variables
   TRA


Estimator                                                       ML
Information matrix                                        EXPECTED
Maximum number of iterations                                  1000
Convergence criterion                                    0.500D-04
Maximum number of steepest descent iterations                   20

Input data file(s)
  ess3at_TRACO_UNIV_ATT.dat

Input data format  FREE


SAMPLE STATISTICS


     SAMPLE STATISTICS


           Means
              IPMODST       IMPTRAD       IPFRULE       IPBHPRP
              ________      ________      ________      ________
      1         3.251         2.820         3.647         2.881


           Covariances
              IPMODST       IMPTRAD       IPFRULE       IPBHPRP
              ________      ________      ________      ________
 IPMODST        1.673
 IMPTRAD        0.428         1.879
 IPFRULE        0.302         0.522         1.806
 IPBHPRP        0.613         0.751         0.604         1.680


           Correlations
              IPMODST       IMPTRAD       IPFRULE       IPBHPRP
              ________      ________      ________      ________
 IPMODST        1.000
 IMPTRAD        0.241         1.000
 IPFRULE        0.174         0.283         1.000
 IPBHPRP        0.366         0.423         0.347         1.000


THE MODEL ESTIMATION TERMINATED NORMALLY



MODEL FIT INFORMATION

Number of Free Parameters                        7

Loglikelihood

          H0 Value                      -14839.146
          H1 Value                      -14755.481

Information Criteria

          Akaike (AIC)                   29692.293
          Bayesian (BIC)                 29732.333
          Sample-Size Adjusted BIC       29710.093
            (n* = (n + 2) / 24)

Chi-Square Test of Model Fit

          Value                            167.331
          Degrees of Freedom                     3
          P-Value                           0.0000

RMSEA (Root Mean Square Error Of Approximation)

          Estimate                           0.156
          90 Percent C.I.                    0.136  0.176
          Probability RMSEA <= .05           0.000

CFI/TLI

          CFI                                0.855
          TLI                                0.711

Chi-Square Test of Model Fit for the Baseline Model

          Value                           1141.560
          Degrees of Freedom                     6
          P-Value                           0.0000

SRMR (Standardized Root Mean Square Residual)

          Value                              0.165



MODEL RESULTS

                                                    Two-Tailed
                    Estimate       S.E.  Est./S.E.    P-Value

 TRA      BY
    IPMODST            1.000      0.000    999.000    999.000
    IMPTRAD            0.820      0.032     25.957      0.000
    IPFRULE            0.650      0.031     20.678      0.000
    IPBHPRP            1.026      0.031     33.275      0.000

 Variances
    TRA                1.000      0.000    999.000    999.000

 Residual Variances
    IPMODST            1.213      0.048     25.270      0.000
    IMPTRAD            1.312      0.048     27.329      0.000
    IPFRULE            1.449      0.048     30.131      0.000
    IPBHPRP            0.793      0.045     17.803      0.000


STANDARDIZED MODEL RESULTS


STDYX Standardization

                                                    Two-Tailed
                    Estimate       S.E.  Est./S.E.    P-Value

 TRA      BY
    IPMODST            0.672      0.007     92.202      0.000
    IMPTRAD            0.582      0.018     31.787      0.000
    IPFRULE            0.475      0.020     23.646      0.000
    IPBHPRP            0.755      0.017     45.325      0.000

 Variances
    TRA                1.000      0.000    999.000    999.000

 Residual Variances
    IPMODST            0.548      0.010     55.924      0.000
    IMPTRAD            0.661      0.021     31.003      0.000
    IPFRULE            0.774      0.019     40.558      0.000
    IPBHPRP            0.430      0.025     17.070      0.000


R-SQUARE

    Observed                                        Two-Tailed
    Variable        Estimate       S.E.  Est./S.E.    P-Value

    IPMODST            0.452      0.010     46.101      0.000
    IMPTRAD            0.339      0.021     15.894      0.000
    IPFRULE            0.226      0.019     11.823      0.000
    IPBHPRP            0.570      0.025     22.662      0.000


QUALITY OF NUMERICAL RESULTS

     Condition Number for the Information Matrix              0.154E+00
       (ratio of smallest to largest eigenvalue)


RESIDUAL OUTPUT


     ESTIMATED MODEL AND RESIDUALS (OBSERVED - ESTIMATED)


           Model Estimated Covariances/Correlations/Residual Correlations
              IPMODST       IMPTRAD       IPFRULE       IPBHPRP
              ________      ________      ________      ________
 IPMODST        2.213
 IMPTRAD        0.820         1.985
 IPFRULE        0.650         0.533         1.872
 IPBHPRP        1.026         0.842         0.667         1.846


           Residuals for Covariances/Correlations/Residual Correlations
              IPMODST       IMPTRAD       IPFRULE       IPBHPRP
              ________      ________      ________      ________
 IPMODST       -0.541
 IMPTRAD       -0.392        -0.106
 IPFRULE       -0.348        -0.012        -0.067
 IPBHPRP       -0.413        -0.091        -0.063        -0.166


           Standardized Residuals (z-scores) for Covariances/Correlations/Residual Corr
              IPMODST       IMPTRAD       IPFRULE       IPBHPRP
              ________      ________      ________      ________
 IPMODST      -40.598
 IMPTRAD      -17.967       999.000
 IPFRULE      -17.592        -0.551       999.000
 IPBHPRP      -19.231       999.000       999.000       999.000


           Normalized Residuals for Covariances/Correlations/Residual Correlations
              IPMODST       IMPTRAD       IPFRULE       IPBHPRP
              ________      ________      ________      ________
 IPMODST      -10.858
 IMPTRAD      -10.217        -1.897
 IPFRULE       -9.376        -0.287        -1.240
 IPBHPRP      -10.999        -2.230        -1.627        -3.323


TECHNICAL 1 OUTPUT


     PARAMETER SPECIFICATION


           LAMBDA
              TRA
              ________
 IPMODST            0
 IMPTRAD            1
 IPFRULE            2
 IPBHPRP            3


           THETA
              IPMODST       IMPTRAD       IPFRULE       IPBHPRP
              ________      ________      ________      ________
 IPMODST            4
 IMPTRAD            0             5
 IPFRULE            0             0             6
 IPBHPRP            0             0             0             7


           BETA
              TRA
              ________
 TRA                0


           PSI
              TRA
              ________
 TRA                0


     STARTING VALUES


           LAMBDA
              TRA
              ________
 IPMODST        1.000
 IMPTRAD        1.000
 IPFRULE        1.000
 IPBHPRP        1.000


           THETA
              IPMODST       IMPTRAD       IPFRULE       IPBHPRP
              ________      ________      ________      ________
 IPMODST        0.836
 IMPTRAD        0.000         0.940
 IPFRULE        0.000         0.000         0.903
 IPBHPRP        0.000         0.000         0.000         0.840


           BETA
              TRA
              ________
 TRA            0.000


           PSI
              TRA
              ________
 TRA            1.000


     Beginning Time:  16:17:22
        Ending Time:  16:17:22
       Elapsed Time:  00:00:00



MUTHEN & MUTHEN
3463 Stoner Ave.
Los Angeles, CA  90066

Tel: (310) 391-9971
Fax: (310) 391-8971
Web: www.StatModel.com
Support: Support@StatModel.com

Copyright (c) 1998-2012 Muthen & Muthen
