Mplus VERSION 7 (Mac)
MUTHEN & MUTHEN
08/12/2015   3:18 PM

INPUT INSTRUCTIONS

  Data: FILE is ess3at_TRACO_UNIV_ATT.dat;
  listwise=on;
  Variable: Names are ipmodst imptrad ipfrule ipbhprp ipeqopt ipudrst
  impenv imsmetn imdfetn impcntr;
  usevariables are ipmodst imptrad ipfrule ipbhprp;
  missing = ipmodst imptrad ipfrule ipbhprp (7-9);
  analysis:
  !Model = nomeanstructure;
  !information = expected;
  			estimator = mlr;

  model: TRA by   ipmodst* (g);
         TRA by   imptrad* (g);
         TRA by   ipfrule* (g);
         TRA by   ipbhprp* (g);
         TRA@1.0,;
  output: sampstat residual Stdyx Tech1;



INPUT READING TERMINATED NORMALLY




SUMMARY OF ANALYSIS

Number of groups                                                 1
Number of observations                                        2253

Number of dependent variables                                    4
Number of independent variables                                  0
Number of continuous latent variables                            1

Observed dependent variables

  Continuous
   IPMODST     IMPTRAD     IPFRULE     IPBHPRP

Continuous latent variables
   TRA


Estimator                                                      MLR
Information matrix                                        OBSERVED
Maximum number of iterations                                  1000
Convergence criterion                                    0.500D-04
Maximum number of steepest descent iterations                   20

Input data file(s)
  ess3at_TRACO_UNIV_ATT.dat

Input data format  FREE


SAMPLE STATISTICS


     SAMPLE STATISTICS


           Means
              IPMODST       IMPTRAD       IPFRULE       IPBHPRP
              ________      ________      ________      ________
      1         3.251         2.820         3.647         2.881


           Covariances
              IPMODST       IMPTRAD       IPFRULE       IPBHPRP
              ________      ________      ________      ________
 IPMODST        1.672
 IMPTRAD        0.428         1.878
 IPFRULE        0.302         0.521         1.805
 IPBHPRP        0.613         0.751         0.604         1.680


           Correlations
              IPMODST       IMPTRAD       IPFRULE       IPBHPRP
              ________      ________      ________      ________
 IPMODST        1.000
 IMPTRAD        0.241         1.000
 IPFRULE        0.174         0.283         1.000
 IPBHPRP        0.366         0.423         0.347         1.000


THE MODEL ESTIMATION TERMINATED NORMALLY



MODEL FIT INFORMATION

Number of Free Parameters                        9

Loglikelihood

          H0 Value                      -14811.132
          H0 Scaling Correction Factor      0.9534
            for MLR
          H1 Value                      -14755.481
          H1 Scaling Correction Factor      1.0394
            for MLR

Information Criteria

          Akaike (AIC)                   29640.265
          Bayesian (BIC)                 29691.745
          Sample-Size Adjusted BIC       29663.150
            (n* = (n + 2) / 24)

Chi-Square Test of Model Fit

          Value                             93.193*
          Degrees of Freedom                     5
          P-Value                           0.0000
          Scaling Correction Factor         1.1943
            for MLR

*   The chi-square value for MLM, MLMV, MLR, ULSMV, WLSM and WLSMV cannot be used
    for chi-square difference testing in the regular way.  MLM, MLR and WLSM
    chi-square difference testing is described on the Mplus website.  MLMV, WLSMV,
    and ULSMV difference testing is done using the DIFFTEST option.

RMSEA (Root Mean Square Error Of Approximation)

          Estimate                           0.088
          90 Percent C.I.                    0.073  0.105
          Probability RMSEA <= .05           0.000

CFI/TLI

          CFI                                0.899
          TLI                                0.879

Chi-Square Test of Model Fit for the Baseline Model

          Value                            880.531
          Degrees of Freedom                     6
          P-Value                           0.0000

SRMR (Standardized Root Mean Square Residual)

          Value                              0.072



MODEL RESULTS

                                                    Two-Tailed
                    Estimate       S.E.  Est./S.E.    P-Value

 TRA      BY
    IPMODST            0.747      0.018     42.034      0.000
    IMPTRAD            0.747      0.018     42.034      0.000
    IPFRULE            0.747      0.018     42.034      0.000
    IPBHPRP            0.747      0.018     42.034      0.000

 Intercepts
    IPMODST            3.251      0.027    119.325      0.000
    IMPTRAD            2.820      0.029     97.671      0.000
    IPFRULE            3.647      0.028    128.836      0.000
    IPBHPRP            2.881      0.027    105.519      0.000

 Variances
    TRA                1.000      0.000    999.000    999.000

 Residual Variances
    IPMODST            1.247      0.040     31.288      0.000
    IMPTRAD            1.283      0.043     29.536      0.000
    IPFRULE            1.349      0.044     30.672      0.000
    IPBHPRP            0.974      0.038     25.601      0.000


STANDARDIZED MODEL RESULTS


STDYX Standardization

                                                    Two-Tailed
                    Estimate       S.E.  Est./S.E.    P-Value

 TRA      BY
    IPMODST            0.556      0.012     47.426      0.000
    IMPTRAD            0.550      0.012     44.435      0.000
    IPFRULE            0.541      0.012     45.356      0.000
    IPBHPRP            0.603      0.014     43.540      0.000

 Intercepts
    IPMODST            2.420      0.033     72.839      0.000
    IMPTRAD            2.079      0.026     78.867      0.000
    IPFRULE            2.641      0.039     67.256      0.000
    IPBHPRP            2.328      0.030     77.871      0.000

 Variances
    TRA                1.000      0.000    999.000    999.000

 Residual Variances
    IPMODST            0.691      0.013     53.029      0.000
    IMPTRAD            0.697      0.014     51.115      0.000
    IPFRULE            0.707      0.013     54.854      0.000
    IPBHPRP            0.636      0.017     38.011      0.000


R-SQUARE

    Observed                                        Two-Tailed
    Variable        Estimate       S.E.  Est./S.E.    P-Value

    IPMODST            0.309      0.013     23.713      0.000
    IMPTRAD            0.303      0.014     22.217      0.000
    IPFRULE            0.293      0.013     22.678      0.000
    IPBHPRP            0.364      0.017     21.770      0.000


QUALITY OF NUMERICAL RESULTS

     Condition Number for the Information Matrix              0.813E-01
       (ratio of smallest to largest eigenvalue)


RESIDUAL OUTPUT


     ESTIMATED MODEL AND RESIDUALS (OBSERVED - ESTIMATED)


           Model Estimated Means/Intercepts/Thresholds
              IPMODST       IMPTRAD       IPFRULE       IPBHPRP
              ________      ________      ________      ________
      1         3.251         2.820         3.647         2.881


           Residuals for Means/Intercepts/Thresholds
              IPMODST       IMPTRAD       IPFRULE       IPBHPRP
              ________      ________      ________      ________
      1         0.000         0.000         0.000         0.000


           Standardized Residuals (z-scores) for Means/Intercepts/Thresholds
              IPMODST       IMPTRAD       IPFRULE       IPBHPRP
              ________      ________      ________      ________
      1         0.216         0.000        -0.712         0.000


           Normalized Residuals for Means/Intercepts/Thresholds
              IPMODST       IMPTRAD       IPFRULE       IPBHPRP
              ________      ________      ________      ________
      1         0.001         0.000        -0.001         0.000


           Model Estimated Covariances/Correlations/Residual Correlations
              IPMODST       IMPTRAD       IPFRULE       IPBHPRP
              ________      ________      ________      ________
 IPMODST        1.805
 IMPTRAD        0.558         1.841
 IPFRULE        0.558         0.558         1.907
 IPBHPRP        0.558         0.558         0.558         1.531


           Residuals for Covariances/Correlations/Residual Correlations
              IPMODST       IMPTRAD       IPFRULE       IPBHPRP
              ________      ________      ________      ________
 IPMODST       -0.133
 IMPTRAD       -0.130         0.038
 IPFRULE       -0.256        -0.036        -0.102
 IPBHPRP        0.055         0.193         0.046         0.148


           Standardized Residuals (z-scores) for Covariances/Correlations/Residual Corr
              IPMODST       IMPTRAD       IPFRULE       IPBHPRP
              ________      ________      ________      ________
 IPMODST      999.000
 IMPTRAD       -4.419         2.185
 IPFRULE       -8.567        -1.141       999.000
 IPBHPRP        1.929         5.703         1.533         6.649


           Normalized Residuals for Covariances/Correlations/Residual Correlations
              IPMODST       IMPTRAD       IPFRULE       IPBHPRP
              ________      ________      ________      ________
 IPMODST       -3.290
 IMPTRAD       -3.281         0.780
 IPFRULE       -6.406        -0.875        -2.393
 IPBHPRP        1.411         4.490         1.149         3.426


TECHNICAL 1 OUTPUT


     PARAMETER SPECIFICATION


           NU
              IPMODST       IMPTRAD       IPFRULE       IPBHPRP
              ________      ________      ________      ________
      1           1             2             3             4


           LAMBDA
              TRA
              ________
 IPMODST            5
 IMPTRAD            5
 IPFRULE            5
 IPBHPRP            5


           THETA
              IPMODST       IMPTRAD       IPFRULE       IPBHPRP
              ________      ________      ________      ________
 IPMODST            6
 IMPTRAD            0             7
 IPFRULE            0             0             8
 IPBHPRP            0             0             0             9


           ALPHA
              TRA
              ________
      1           0


           BETA
              TRA
              ________
 TRA                0


           PSI
              TRA
              ________
 TRA                0


     STARTING VALUES


           NU
              IPMODST       IMPTRAD       IPFRULE       IPBHPRP
              ________      ________      ________      ________
      1         3.251         2.820         3.647         2.881


           LAMBDA
              TRA
              ________
 IPMODST        1.000
 IMPTRAD        1.000
 IPFRULE        1.000
 IPBHPRP        1.000


           THETA
              IPMODST       IMPTRAD       IPFRULE       IPBHPRP
              ________      ________      ________      ________
 IPMODST        0.836
 IMPTRAD        0.000         0.940
 IPFRULE        0.000         0.000         0.903
 IPBHPRP        0.000         0.000         0.000         0.840


           ALPHA
              TRA
              ________
      1         0.000


           BETA
              TRA
              ________
 TRA            0.000


           PSI
              TRA
              ________
 TRA            1.000


     Beginning Time:  15:18:56
        Ending Time:  15:18:56
       Elapsed Time:  00:00:00



MUTHEN & MUTHEN
3463 Stoner Ave.
Los Angeles, CA  90066

Tel: (310) 391-9971
Fax: (310) 391-8971
Web: www.StatModel.com
Support: Support@StatModel.com

Copyright (c) 1998-2012 Muthen & Muthen
