Mplus VERSION 7 (Mac)
MUTHEN & MUTHEN
08/13/2015  11:05 AM

INPUT INSTRUCTIONS

  TITLE:		this is an example of a multiple group CFA
  			with covariates (MIMIC) with continuous
  			factor indicators and a mean structure

  DATA:		FILE IS ex5.15.dat;

  VARIABLE:	NAMES ARE y1-y6 x1-x3 g;
  			GROUPING IS g (1=male 2=female);

  USEVARIABLES ARE y1-y6;

  MODEL:		f1 BY y1-y3;
  			f2 BY y4-y6;
  !			f1 f2 ON x1-x3;

  Analysis:	Type is general;

  MODEL female:
  			f1 BY y3;
  			[f1 f2];

  OUTPUT: sampstat residual stdyx tech1;



INPUT READING TERMINATED NORMALLY



this is an example of a multiple group CFA
with covariates (MIMIC) with continuous
factor indicators and a mean structure

SUMMARY OF ANALYSIS

Number of groups                                                 2
Number of observations
   Group MALE                                                  500
   Group FEMALE                                                600

Number of dependent variables                                    6
Number of independent variables                                  0
Number of continuous latent variables                            2

Observed dependent variables

  Continuous
   Y1          Y2          Y3          Y4          Y5          Y6

Continuous latent variables
   F1          F2

Variables with special functions

  Grouping variable     G

Estimator                                                       ML
Information matrix                                        OBSERVED
Maximum number of iterations                                  1000
Convergence criterion                                    0.500D-04
Maximum number of steepest descent iterations                   20

Input data file(s)
  ex5.15.dat

Input data format  FREE


SAMPLE STATISTICS


     SAMPLE STATISTICS FOR MALE


           Means
              Y1            Y2            Y3            Y4            Y5
              ________      ________      ________      ________      ________
      1         2.066         2.088         2.088         1.663         1.623


           Means
              Y6
              ________
      1         1.596


           Covariances
              Y1            Y2            Y3            Y4            Y5
              ________      ________      ________      ________      ________
 Y1             3.227
 Y2             2.790         3.388
 Y3             2.752         2.847         3.295
 Y4             2.385         2.441         2.434         3.595
 Y5             2.206         2.305         2.296         2.990         3.290
 Y6             2.248         2.344         2.374         2.953         2.905


           Covariances
              Y6
              ________
 Y6             3.434


           Correlations
              Y1            Y2            Y3            Y4            Y5
              ________      ________      ________      ________      ________
 Y1             1.000
 Y2             0.844         1.000
 Y3             0.844         0.852         1.000
 Y4             0.700         0.699         0.707         1.000
 Y5             0.677         0.690         0.697         0.869         1.000
 Y6             0.675         0.687         0.706         0.841         0.864


           Correlations
              Y6
              ________
 Y6             1.000


     SAMPLE STATISTICS FOR FEMALE


           Means
              Y1            Y2            Y3            Y4            Y5
              ________      ________      ________      ________      ________
      1         1.918         1.913         1.963         1.519         1.526


           Means
              Y6
              ________
      1         1.533


           Covariances
              Y1            Y2            Y3            Y4            Y5
              ________      ________      ________      ________      ________
 Y1             3.190
 Y2             2.706         3.209
 Y3             1.290         1.277         1.080
 Y4             2.433         2.406         1.203         3.961
 Y5             2.557         2.525         1.209         3.436         4.010
 Y6             2.550         2.557         1.273         3.438         3.523


           Covariances
              Y6
              ________
 Y6             4.038


           Correlations
              Y1            Y2            Y3            Y4            Y5
              ________      ________      ________      ________      ________
 Y1             1.000
 Y2             0.846         1.000
 Y3             0.695         0.686         1.000
 Y4             0.684         0.675         0.582         1.000
 Y5             0.715         0.704         0.581         0.862         1.000
 Y6             0.710         0.710         0.610         0.860         0.875


           Correlations
              Y6
              ________
 Y6             1.000


THE MODEL ESTIMATION TERMINATED NORMALLY



MODEL FIT INFORMATION

Number of Free Parameters                       31

Loglikelihood

          H0 Value                       -9746.412
          H1 Value                       -9733.868

Information Criteria

          Akaike (AIC)                   19554.823
          Bayesian (BIC)                 19709.918
          Sample-Size Adjusted BIC       19611.455
            (n* = (n + 2) / 24)

Chi-Square Test of Model Fit

          Value                             25.087
          Degrees of Freedom                    23
          P-Value                           0.3458

Chi-Square Contributions From Each Group

          MALE                              13.062
          FEMALE                            12.025

RMSEA (Root Mean Square Error Of Approximation)

          Estimate                           0.013
          90 Percent C.I.                    0.000  0.038
          Probability RMSEA <= .05           0.996

CFI/TLI

          CFI                                1.000
          TLI                                1.000

Chi-Square Test of Model Fit for the Baseline Model

          Value                           6844.892
          Degrees of Freedom                    30
          P-Value                           0.0000

SRMR (Standardized Root Mean Square Residual)

          Value                              0.013



MODEL RESULTS

                                                    Two-Tailed
                    Estimate       S.E.  Est./S.E.    P-Value

Group MALE

 F1       BY
    Y1                 1.000      0.000    999.000    999.000
    Y2                 1.013      0.021     49.254      0.000
    Y3                 1.014      0.027     37.681      0.000

 F2       BY
    Y4                 1.000      0.000    999.000    999.000
    Y5                 1.002      0.018     55.426      0.000
    Y6                 1.003      0.019     53.580      0.000

 F2       WITH
    F1                 2.306      0.174     13.222      0.000

 Means
    F1                 0.000      0.000    999.000    999.000
    F2                 0.000      0.000    999.000    999.000

 Intercepts
    Y1                 2.037      0.065     31.349      0.000
    Y2                 2.044      0.065     31.216      0.000
    Y3                 2.034      0.047     43.144      0.000
    Y4                 1.607      0.070     23.083      0.000
    Y5                 1.591      0.069     23.184      0.000
    Y6                 1.583      0.070     22.730      0.000

 Variances
    F1                 2.748      0.199     13.826      0.000
    F2                 2.936      0.207     14.151      0.000

 Residual Variances
    Y1                 0.534      0.048     11.194      0.000
    Y2                 0.515      0.048     10.774      0.000
    Y3                 0.472      0.046     10.217      0.000
    Y4                 0.542      0.048     11.278      0.000
    Y5                 0.381      0.040      9.575      0.000
    Y6                 0.544      0.048     11.395      0.000

Group FEMALE

 F1       BY
    Y1                 1.000      0.000    999.000    999.000
    Y2                 1.013      0.021     49.254      0.000
    Y3                 0.481      0.020     24.501      0.000

 F2       BY
    Y4                 1.000      0.000    999.000    999.000
    Y5                 1.002      0.018     55.426      0.000
    Y6                 1.003      0.019     53.580      0.000

 F2       WITH
    F1                 2.496      0.172     14.551      0.000

 Means
    F1                -0.127      0.095     -1.326      0.185
    F2                -0.066      0.103     -0.648      0.517

 Intercepts
    Y1                 2.037      0.065     31.349      0.000
    Y2                 2.044      0.065     31.216      0.000
    Y3                 2.034      0.047     43.144      0.000
    Y4                 1.607      0.070     23.083      0.000
    Y5                 1.591      0.069     23.184      0.000
    Y6                 1.583      0.070     22.730      0.000

 Variances
    F1                 2.665      0.178     15.012      0.000
    F2                 3.460      0.224     15.432      0.000

 Residual Variances
    Y1                 0.482      0.049      9.884      0.000
    Y2                 0.517      0.050     10.270      0.000
    Y3                 0.465      0.030     15.611      0.000
    Y4                 0.618      0.049     12.630      0.000
    Y5                 0.493      0.044     11.194      0.000
    Y6                 0.503      0.045     11.262      0.000


STANDARDIZED MODEL RESULTS


STDYX Standardization

                                                    Two-Tailed
                    Estimate       S.E.  Est./S.E.    P-Value

Group MALE

 F1       BY
    Y1                 0.915      0.009    103.748      0.000
    Y2                 0.920      0.009    104.788      0.000
    Y3                 0.926      0.009    107.367      0.000

 F2       BY
    Y4                 0.919      0.008    108.392      0.000
    Y5                 0.941      0.007    136.009      0.000
    Y6                 0.919      0.008    112.406      0.000

 F2       WITH
    F1                 0.812      0.018     44.992      0.000

 Means
    F1                 0.000      0.000    999.000    999.000
    F2                 0.000      0.000    999.000    999.000

 Intercepts
    Y1                 1.124      0.050     22.389      0.000
    Y2                 1.119      0.050     22.327      0.000
    Y3                 1.120      0.044     25.214      0.000
    Y4                 0.861      0.046     18.787      0.000
    Y5                 0.872      0.047     18.690      0.000
    Y6                 0.846      0.045     18.606      0.000

 Variances
    F1                 1.000      0.000    999.000    999.000
    F2                 1.000      0.000    999.000    999.000

 Residual Variances
    Y1                 0.163      0.016     10.071      0.000
    Y2                 0.154      0.016      9.555      0.000
    Y3                 0.143      0.016      8.966      0.000
    Y4                 0.156      0.016     10.009      0.000
    Y5                 0.114      0.013      8.777      0.000
    Y6                 0.155      0.015     10.342      0.000

Group FEMALE

 F1       BY
    Y1                 0.920      0.009    101.026      0.000
    Y2                 0.917      0.009    102.214      0.000
    Y3                 0.755      0.019     39.227      0.000

 F2       BY
    Y4                 0.921      0.007    126.699      0.000
    Y5                 0.936      0.007    141.098      0.000
    Y6                 0.935      0.007    138.704      0.000

 F2       WITH
    F1                 0.822      0.016     50.606      0.000

 Means
    F1                -0.078      0.059     -1.325      0.185
    F2                -0.036      0.055     -0.647      0.517

 Intercepts
    Y1                 1.148      0.049     23.473      0.000
    Y2                 1.133      0.048     23.395      0.000
    Y3                 1.956      0.071     27.715      0.000
    Y4                 0.796      0.041     19.438      0.000
    Y5                 0.799      0.041     19.446      0.000
    Y6                 0.793      0.041     19.157      0.000

 Variances
    F1                 1.000      0.000    999.000    999.000
    F2                 1.000      0.000    999.000    999.000

 Residual Variances
    Y1                 0.153      0.017      9.144      0.000
    Y2                 0.159      0.016      9.644      0.000
    Y3                 0.430      0.029     14.805      0.000
    Y4                 0.152      0.013     11.324      0.000
    Y5                 0.124      0.012      9.999      0.000
    Y6                 0.126      0.013     10.024      0.000


R-SQUARE

Group MALE

    Observed                                        Two-Tailed
    Variable        Estimate       S.E.  Est./S.E.    P-Value

    Y1                 0.837      0.016     51.874      0.000
    Y2                 0.846      0.016     52.394      0.000
    Y3                 0.857      0.016     53.684      0.000
    Y4                 0.844      0.016     54.196      0.000
    Y5                 0.886      0.013     68.004      0.000
    Y6                 0.845      0.015     56.203      0.000

Group FEMALE

    Observed                                        Two-Tailed
    Variable        Estimate       S.E.  Est./S.E.    P-Value

    Y1                 0.847      0.017     50.513      0.000
    Y2                 0.841      0.016     51.107      0.000
    Y3                 0.570      0.029     19.614      0.000
    Y4                 0.848      0.013     63.350      0.000
    Y5                 0.876      0.012     70.549      0.000
    Y6                 0.874      0.013     69.352      0.000


QUALITY OF NUMERICAL RESULTS

     Condition Number for the Information Matrix              0.260E-02
       (ratio of smallest to largest eigenvalue)


RESIDUAL OUTPUT


     ESTIMATED MODEL AND RESIDUALS (OBSERVED - ESTIMATED) FOR MALE


           Model Estimated Means/Intercepts/Thresholds
              Y1            Y2            Y3            Y4            Y5
              ________      ________      ________      ________      ________
      1         2.037         2.044         2.034         1.607         1.591


           Model Estimated Means/Intercepts/Thresholds
              Y6
              ________
      1         1.583


           Residuals for Means/Intercepts/Thresholds
              Y1            Y2            Y3            Y4            Y5
              ________      ________      ________      ________      ________
      1         0.030         0.043         0.053         0.056         0.032


           Residuals for Means/Intercepts/Thresholds
              Y6
              ________
      1         0.012


           Standardized Residuals (z-scores) for Means/Intercepts/Thresholds
              Y1            Y2            Y3            Y4            Y5
              ________      ________      ________      ________      ________
      1         0.624         0.870         0.804         1.155         0.748


           Standardized Residuals (z-scores) for Means/Intercepts/Thresholds
              Y6
              ________
      1         0.276


           Normalized Residuals for Means/Intercepts/Thresholds
              Y1            Y2            Y3            Y4            Y5
              ________      ________      ________      ________      ________
      1         0.367         0.527         0.654         0.660         0.399


           Normalized Residuals for Means/Intercepts/Thresholds
              Y6
              ________
      1         0.150


           Model Estimated Covariances/Correlations/Residual Correlations
              Y1            Y2            Y3            Y4            Y5
              ________      ________      ________      ________      ________
 Y1             3.282
 Y2             2.785         3.338
 Y3             2.787         2.824         3.298
 Y4             2.306         2.337         2.338         3.478
 Y5             2.311         2.342         2.343         2.942         3.330
 Y6             2.313         2.344         2.346         2.945         2.952


           Model Estimated Covariances/Correlations/Residual Correlations
              Y6
              ________
 Y6             3.499


           Residuals for Covariances/Correlations/Residual Correlations
              Y1            Y2            Y3            Y4            Y5
              ________      ________      ________      ________      ________
 Y1            -0.055
 Y2             0.005         0.050
 Y3            -0.035         0.023        -0.003
 Y4             0.079         0.105         0.096         0.117
 Y5            -0.105        -0.037        -0.047         0.048        -0.040
 Y6            -0.065        -0.001         0.028         0.008        -0.047


           Residuals for Covariances/Correlations/Residual Correlations
              Y6
              ________
 Y6            -0.065


           Standardized Residuals (z-scores) for Covariances/Correlations/Residual Corr
              Y1            Y2            Y3            Y4            Y5
              ________      ________      ________      ________      ________
 Y1            -1.642
 Y2             0.735         0.788
 Y3            -2.353         0.616       999.000
 Y4             1.229         1.471         1.547         1.296
 Y5            -3.691        -0.840        -1.635         1.032        -1.119
 Y6            -1.541        -0.011         0.608         0.170       999.000


           Standardized Residuals (z-scores) for Covariances/Correlations/Residual Corr
              Y6
              ________
 Y6            -1.281


           Normalized Residuals for Covariances/Correlations/Residual Correlations
              Y1            Y2            Y3            Y4            Y5
              ________      ________      ________      ________      ________
 Y1            -0.269
 Y2             0.025         0.234
 Y3            -0.185         0.117        -0.013
 Y4             0.427         0.549         0.512         0.516
 Y5            -0.596        -0.204        -0.261         0.233        -0.192
 Y6            -0.361        -0.003         0.152         0.038        -0.238


           Normalized Residuals for Covariances/Correlations/Residual Correlations
              Y6
              ________
 Y6            -0.300


     ESTIMATED MODEL AND RESIDUALS (OBSERVED - ESTIMATED) FOR FEMALE


           Model Estimated Means/Intercepts/Thresholds
              Y1            Y2            Y3            Y4            Y5
              ________      ________      ________      ________      ________
      1         1.910         1.916         1.974         1.540         1.524


           Model Estimated Means/Intercepts/Thresholds
              Y6
              ________
      1         1.517


           Residuals for Means/Intercepts/Thresholds
              Y1            Y2            Y3            Y4            Y5
              ________      ________      ________      ________      ________
      1         0.008        -0.003        -0.011        -0.021         0.001


           Residuals for Means/Intercepts/Thresholds
              Y6
              ________
      1         0.016


           Standardized Residuals (z-scores) for Means/Intercepts/Thresholds
              Y1            Y2            Y3            Y4            Y5
              ________      ________      ________      ________      ________
      1         0.483        -0.227        -0.809        -1.709         0.065


           Standardized Residuals (z-scores) for Means/Intercepts/Thresholds
              Y6
              ________
      1         0.889


           Normalized Residuals for Means/Intercepts/Thresholds
              Y1            Y2            Y3            Y4            Y5
              ________      ________      ________      ________      ________
      1         0.106        -0.036        -0.248        -0.264         0.014


           Normalized Residuals for Means/Intercepts/Thresholds
              Y6
              ________
      1         0.198


           Model Estimated Covariances/Correlations/Residual Correlations
              Y1            Y2            Y3            Y4            Y5
              ________      ________      ________      ________      ________
 Y1             3.147
 Y2             2.701         3.254
 Y3             1.281         1.299         1.081
 Y4             2.496         2.530         1.200         4.078
 Y5             2.502         2.536         1.203         3.468         3.968
 Y6             2.505         2.538         1.204         3.471         3.479


           Model Estimated Covariances/Correlations/Residual Correlations
              Y6
              ________
 Y6             3.986


           Residuals for Covariances/Correlations/Residual Correlations
              Y1            Y2            Y3            Y4            Y5
              ________      ________      ________      ________      ________
 Y1             0.043
 Y2             0.005        -0.044
 Y3             0.008        -0.022        -0.001
 Y4            -0.063        -0.124         0.002        -0.118
 Y5             0.055        -0.011         0.006        -0.032         0.042
 Y6             0.045         0.019         0.069        -0.034         0.043


           Residuals for Covariances/Correlations/Residual Correlations
              Y6
              ________
 Y6             0.052


           Standardized Residuals (z-scores) for Covariances/Correlations/Residual Corr
              Y1            Y2            Y3            Y4            Y5
              ________      ________      ________      ________      ________
 Y1             0.834
 Y2             0.937        -1.719
 Y3             0.425        -1.753       999.000
 Y4            -1.645        -4.896         0.068        -5.837
 Y5             1.029        -0.250         0.171        -1.777         0.653
 Y6             0.857         0.397         1.767        -1.511         0.999


           Standardized Residuals (z-scores) for Covariances/Correlations/Residual Corr
              Y6
              ________
 Y6             0.790


           Normalized Residuals for Covariances/Correlations/Residual Correlations
              Y1            Y2            Y3            Y4            Y5
              ________      ________      ________      ________      ________
 Y1             0.231
 Y2             0.030        -0.239
 Y3             0.090        -0.237        -0.022
 Y4            -0.361        -0.707         0.023        -0.515
 Y5             0.306        -0.061         0.061        -0.149         0.182
 Y6             0.252         0.104         0.689        -0.156         0.199


           Normalized Residuals for Covariances/Correlations/Residual Correlations
              Y6
              ________
 Y6             0.223


TECHNICAL 1 OUTPUT


     PARAMETER SPECIFICATION FOR MALE


           NU
              Y1            Y2            Y3            Y4            Y5
              ________      ________      ________      ________      ________
      1           1             2             3             4             5


           NU
              Y6
              ________
      1           6


           LAMBDA
              F1            F2
              ________      ________
 Y1                 0             0
 Y2                 7             0
 Y3                 8             0
 Y4                 0             0
 Y5                 0             9
 Y6                 0            10


           THETA
              Y1            Y2            Y3            Y4            Y5
              ________      ________      ________      ________      ________
 Y1                11
 Y2                 0            12
 Y3                 0             0            13
 Y4                 0             0             0            14
 Y5                 0             0             0             0            15
 Y6                 0             0             0             0             0


           THETA
              Y6
              ________
 Y6                16


           ALPHA
              F1            F2
              ________      ________
      1           0             0


           BETA
              F1            F2
              ________      ________
 F1                 0             0
 F2                 0             0


           PSI
              F1            F2
              ________      ________
 F1                17
 F2                18            19


     PARAMETER SPECIFICATION FOR FEMALE


           NU
              Y1            Y2            Y3            Y4            Y5
              ________      ________      ________      ________      ________
      1           1             2             3             4             5


           NU
              Y6
              ________
      1           6


           LAMBDA
              F1            F2
              ________      ________
 Y1                 0             0
 Y2                 7             0
 Y3                20             0
 Y4                 0             0
 Y5                 0             9
 Y6                 0            10


           THETA
              Y1            Y2            Y3            Y4            Y5
              ________      ________      ________      ________      ________
 Y1                21
 Y2                 0            22
 Y3                 0             0            23
 Y4                 0             0             0            24
 Y5                 0             0             0             0            25
 Y6                 0             0             0             0             0


           THETA
              Y6
              ________
 Y6                26


           ALPHA
              F1            F2
              ________      ________
      1          27            28


           BETA
              F1            F2
              ________      ________
 F1                 0             0
 F2                 0             0


           PSI
              F1            F2
              ________      ________
 F1                29
 F2                30            31


     STARTING VALUES FOR MALE


           NU
              Y1            Y2            Y3            Y4            Y5
              ________      ________      ________      ________      ________
      1         2.066         2.088         2.088         1.663         1.623


           NU
              Y6
              ________
      1         1.596


           LAMBDA
              F1            F2
              ________      ________
 Y1             1.000         0.000
 Y2             1.035         0.000
 Y3             1.021         0.000
 Y4             0.000         1.000
 Y5             0.000         0.984
 Y6             0.000         0.972


           THETA
              Y1            Y2            Y3            Y4            Y5
              ________      ________      ________      ________      ________
 Y1             1.617
 Y2             0.000         1.697
 Y3             0.000         0.000         1.651
 Y4             0.000         0.000         0.000         1.801
 Y5             0.000         0.000         0.000         0.000         1.648
 Y6             0.000         0.000         0.000         0.000         0.000


           THETA
              Y6
              ________
 Y6             1.720


           ALPHA
              F1            F2
              ________      ________
      1         0.000         0.000


           BETA
              F1            F2
              ________      ________
 F1             0.000         0.000
 F2             0.000         0.000


           PSI
              F1            F2
              ________      ________
 F1             0.050
 F2             0.000         0.050


     STARTING VALUES FOR FEMALE


           NU
              Y1            Y2            Y3            Y4            Y5
              ________      ________      ________      ________      ________
      1         2.066         2.088         2.088         1.663         1.623


           NU
              Y6
              ________
      1         1.596


           LAMBDA
              F1            F2
              ________      ________
 Y1             1.000         0.000
 Y2             0.990         0.000
 Y3             0.472         0.000
 Y4             0.000         1.000
 Y5             0.000         1.025
 Y6             0.000         1.025


           THETA
              Y1            Y2            Y3            Y4            Y5
              ________      ________      ________      ________      ________
 Y1             1.617
 Y2             0.000         1.697
 Y3             0.000         0.000         1.651
 Y4             0.000         0.000         0.000         1.801
 Y5             0.000         0.000         0.000         0.000         1.648
 Y6             0.000         0.000         0.000         0.000         0.000


           THETA
              Y6
              ________
 Y6             1.720


           ALPHA
              F1            F2
              ________      ________
      1         0.000         0.000


           BETA
              F1            F2
              ________      ________
 F1             0.000         0.000
 F2             0.000         0.000


           PSI
              F1            F2
              ________      ________
 F1             0.050
 F2             0.000         0.050


     Beginning Time:  11:05:15
        Ending Time:  11:05:15
       Elapsed Time:  00:00:00



MUTHEN & MUTHEN
3463 Stoner Ave.
Los Angeles, CA  90066

Tel: (310) 391-9971
Fax: (310) 391-8971
Web: www.StatModel.com
Support: Support@StatModel.com

Copyright (c) 1998-2012 Muthen & Muthen
