Mplus VERSION 7 (Mac)
MUTHEN & MUTHEN
08/13/2015  10:04 AM

INPUT INSTRUCTIONS

  TITLE:	this is an example of a multiple group CFA
  	
  DATA:	FILE IS ex5.14.dat;

  VARIABLE:	NAMES ARE y1-y6 x1-x3 g;
  	GROUPING IS g (1=male 2=female);
      USEVARIABLES ARE y1-y6;

  ANALYSIS:	MODEL = NOMEANSTRUCTURE;
          	INFORMATION = EXPECTED;

  MODEL:

  !Factor model

      f1 BY y1* (L1);
      f1 BY y2  (L2);
      f1 BY y3  (L3);

  	f2 BY y4* (L4);
      f2 BY y5  (L5);
      f2 BY y6  (L6);

  !Structural model

      f1@1 (V1);
      f2@1 (V2);
      f1 WITH f2 (COV);

  !Random Measurement Errors

      y1 (R1) ;
      y2 (R2) ;
      y3 (R3) ;
      y4 (R4) ;
      y5 (R5) ;
      y6 (R6) ;

  Model female:

      f1 BY y1* (L1);
      f1 BY y2  (L2);
      f1 BY y3  (L3);

  	f2 BY y4* (L4);
      f2 BY y5  (L5);
      f2 BY y6  (L6);

      f1@1 (V1);
      f2@1 (V2);
      f1 WITH f2 (COV);

      y1 (R1) ;
      y2 (R2) ;
      y3 (R3) ;
      y4 (R4) ;
      y5 (R5) ;
      y6 (R6) ;

  OUTPUT:	SAMPSTAT RESIDUAL STDYX TECH1 TECH4 MODINDICES;



INPUT READING TERMINATED NORMALLY



this is an example of a multiple group CFA

SUMMARY OF ANALYSIS

Number of groups                                                 2
Number of observations
   Group MALE                                                  500
   Group FEMALE                                                600

Number of dependent variables                                    6
Number of independent variables                                  0
Number of continuous latent variables                            2

Observed dependent variables

  Continuous
   Y1          Y2          Y3          Y4          Y5          Y6

Continuous latent variables
   F1          F2

Variables with special functions

  Grouping variable     G

Estimator                                                       ML
Information matrix                                        EXPECTED
Maximum number of iterations                                  1000
Convergence criterion                                    0.500D-04
Maximum number of steepest descent iterations                   20

Input data file(s)
  ex5.14.dat

Input data format  FREE


SAMPLE STATISTICS


     SAMPLE STATISTICS FOR MALE


           Means
              Y1            Y2            Y3            Y4            Y5
              ________      ________      ________      ________      ________
      1         2.066         2.088         2.088         1.663         1.623


           Means
              Y6
              ________
      1         1.596


           Covariances
              Y1            Y2            Y3            Y4            Y5
              ________      ________      ________      ________      ________
 Y1             3.234
 Y2             2.796         3.395
 Y3             2.757         2.853         3.302
 Y4             2.390         2.446         2.439         3.602
 Y5             2.210         2.309         2.301         2.996         3.296
 Y6             2.253         2.348         2.378         2.959         2.911


           Covariances
              Y6
              ________
 Y6             3.441


           Correlations
              Y1            Y2            Y3            Y4            Y5
              ________      ________      ________      ________      ________
 Y1             1.000
 Y2             0.844         1.000
 Y3             0.844         0.852         1.000
 Y4             0.700         0.699         0.707         1.000
 Y5             0.677         0.690         0.697         0.869         1.000
 Y6             0.675         0.687         0.706         0.841         0.864


           Correlations
              Y6
              ________
 Y6             1.000


     SAMPLE STATISTICS FOR FEMALE


           Means
              Y1            Y2            Y3            Y4            Y5
              ________      ________      ________      ________      ________
      1         1.918         1.913         0.963         1.519         1.526


           Means
              Y6
              ________
      1         1.533


           Covariances
              Y1            Y2            Y3            Y4            Y5
              ________      ________      ________      ________      ________
 Y1             3.195
 Y2             2.710         3.215
 Y3             1.292         1.279         1.082
 Y4             2.437         2.410         1.205         3.967
 Y5             2.561         2.529         1.211         3.442         4.017
 Y6             2.554         2.561         1.275         3.444         3.529


           Covariances
              Y6
              ________
 Y6             4.045


           Correlations
              Y1            Y2            Y3            Y4            Y5
              ________      ________      ________      ________      ________
 Y1             1.000
 Y2             0.846         1.000
 Y3             0.695         0.686         1.000
 Y4             0.684         0.675         0.582         1.000
 Y5             0.715         0.704         0.581         0.862         1.000
 Y6             0.710         0.710         0.610         0.860         0.875


           Correlations
              Y6
              ________
 Y6             1.000


THE MODEL ESTIMATION TERMINATED NORMALLY



MODEL FIT INFORMATION

Number of Free Parameters                       13

Loglikelihood

          H0 Value                       -9906.519
          H1 Value                       -9733.868

Information Criteria

          Akaike (AIC)                   19839.038
          Bayesian (BIC)                 19904.078
          Sample-Size Adjusted BIC       19862.787
            (n* = (n + 2) / 24)

Chi-Square Test of Model Fit

          Value                            345.302
          Degrees of Freedom                    29
          P-Value                           0.0000

Chi-Square Contributions From Each Group

          MALE                             164.763
          FEMALE                           180.539

RMSEA (Root Mean Square Error Of Approximation)

          Estimate                           0.141
          90 Percent C.I.                    0.128  0.154
          Probability RMSEA <= .05           0.000

CFI/TLI

          CFI                                0.954
          TLI                                0.952

Chi-Square Test of Model Fit for the Baseline Model

          Value                           6844.892
          Degrees of Freedom                    30
          P-Value                           0.0000

SRMR (Standardized Root Mean Square Residual)

          Value                              0.211



MODEL RESULTS

                                                    Two-Tailed
                    Estimate       S.E.  Est./S.E.    P-Value

Group MALE

 F1       BY
    Y1                 1.644      0.042     39.111      0.000
    Y2                 1.669      0.042     39.293      0.000
    Y3                 1.191      0.036     32.935      0.000

 F2       BY
    Y4                 1.793      0.045     39.744      0.000
    Y5                 1.800      0.044     41.088      0.000
    Y6                 1.800      0.045     40.297      0.000

 F1       WITH
    F2                 0.813      0.012     65.892      0.000

 Variances
    F1                 1.000      0.000    999.000    999.000
    F2                 1.000      0.000    999.000    999.000

 Residual Variances
    Y1                 0.506      0.036     13.955      0.000
    Y2                 0.503      0.037     13.655      0.000
    Y3                 0.668      0.034     19.914      0.000
    Y4                 0.580      0.035     16.689      0.000
    Y5                 0.442      0.031     14.470      0.000
    Y6                 0.524      0.033     15.860      0.000

Group FEMALE

 F1       BY
    Y1                 1.644      0.042     39.111      0.000
    Y2                 1.669      0.042     39.293      0.000
    Y3                 1.191      0.036     32.935      0.000

 F2       BY
    Y4                 1.793      0.045     39.744      0.000
    Y5                 1.800      0.044     41.088      0.000
    Y6                 1.800      0.045     40.297      0.000

 F1       WITH
    F2                 0.813      0.012     65.892      0.000

 Variances
    F1                 1.000      0.000    999.000    999.000
    F2                 1.000      0.000    999.000    999.000

 Residual Variances
    Y1                 0.506      0.036     13.955      0.000
    Y2                 0.503      0.037     13.655      0.000
    Y3                 0.668      0.034     19.914      0.000
    Y4                 0.580      0.035     16.689      0.000
    Y5                 0.442      0.031     14.470      0.000
    Y6                 0.524      0.033     15.860      0.000


STANDARDIZED MODEL RESULTS


STDYX Standardization

                                                    Two-Tailed
                    Estimate       S.E.  Est./S.E.    P-Value

Group MALE

 F1       BY
    Y1                 0.918      0.007    133.782      0.000
    Y2                 0.920      0.007    136.023      0.000
    Y3                 0.824      0.011     75.334      0.000

 F2       BY
    Y4                 0.920      0.006    159.057      0.000
    Y5                 0.938      0.005    186.818      0.000
    Y6                 0.928      0.005    169.944      0.000

 F1       WITH
    F2                 0.813      0.012     65.892      0.000

 Variances
    F1                 1.000      0.000    999.000    999.000
    F2                 1.000      0.000    999.000    999.000

 Residual Variances
    Y1                 0.158      0.013     12.520      0.000
    Y2                 0.153      0.012     12.286      0.000
    Y3                 0.320      0.018     17.747      0.000
    Y4                 0.153      0.011     14.355      0.000
    Y5                 0.120      0.009     12.743      0.000
    Y6                 0.139      0.010     13.752      0.000

Group FEMALE

 F1       BY
    Y1                 0.918      0.007    133.782      0.000
    Y2                 0.920      0.007    136.023      0.000
    Y3                 0.824      0.011     75.334      0.000

 F2       BY
    Y4                 0.920      0.006    159.057      0.000
    Y5                 0.938      0.005    186.818      0.000
    Y6                 0.928      0.005    169.944      0.000

 F1       WITH
    F2                 0.813      0.012     65.892      0.000

 Variances
    F1                 1.000      0.000    999.000    999.000
    F2                 1.000      0.000    999.000    999.000

 Residual Variances
    Y1                 0.158      0.013     12.520      0.000
    Y2                 0.153      0.012     12.286      0.000
    Y3                 0.320      0.018     17.747      0.000
    Y4                 0.153      0.011     14.355      0.000
    Y5                 0.120      0.009     12.743      0.000
    Y6                 0.139      0.010     13.752      0.000


R-SQUARE

Group MALE

    Observed                                        Two-Tailed
    Variable        Estimate       S.E.  Est./S.E.    P-Value

    Y1                 0.842      0.013     66.891      0.000
    Y2                 0.847      0.012     68.012      0.000
    Y3                 0.680      0.018     37.667      0.000
    Y4                 0.847      0.011     79.528      0.000
    Y5                 0.880      0.009     93.409      0.000
    Y6                 0.861      0.010     84.972      0.000

Group FEMALE

    Observed                                        Two-Tailed
    Variable        Estimate       S.E.  Est./S.E.    P-Value

    Y1                 0.842      0.013     66.891      0.000
    Y2                 0.847      0.012     68.012      0.000
    Y3                 0.680      0.018     37.667      0.000
    Y4                 0.847      0.011     79.528      0.000
    Y5                 0.880      0.009     93.409      0.000
    Y6                 0.861      0.010     84.972      0.000


QUALITY OF NUMERICAL RESULTS

     Condition Number for the Information Matrix              0.164E-01
       (ratio of smallest to largest eigenvalue)


RESIDUAL OUTPUT


     ESTIMATED MODEL AND RESIDUALS (OBSERVED - ESTIMATED) FOR MALE


           Model Estimated Covariances/Correlations/Residual Correlations
              Y1            Y2            Y3            Y4            Y5
              ________      ________      ________      ________      ________
 Y1             3.207
 Y2             2.744         3.290
 Y3             1.958         1.988         2.087
 Y4             2.396         2.433         1.736         3.795
 Y5             2.406         2.443         1.743         3.228         3.683
 Y6             2.405         2.443         1.743         3.227         3.240


           Model Estimated Covariances/Correlations/Residual Correlations
              Y6
              ________
 Y6             3.764


           Residuals for Covariances/Correlations/Residual Correlations
              Y1            Y2            Y3            Y4            Y5
              ________      ________      ________      ________      ________
 Y1             0.020
 Y2             0.046         0.097
 Y3             0.794         0.859         1.208
 Y4            -0.011         0.008         0.698        -0.199
 Y5            -0.200        -0.139         0.553        -0.238        -0.393
 Y6            -0.157        -0.099         0.631        -0.273        -0.335


           Residuals for Covariances/Correlations/Residual Correlations
              Y6
              ________
 Y6            -0.330


           Standardized Residuals (z-scores) for Covariances/Correlations/Residual Corr
              Y1            Y2            Y3            Y4            Y5
              ________      ________      ________      ________      ________
 Y1             0.134
 Y2             0.320         0.601
 Y3             4.839         5.063         6.412
 Y4            -0.078         0.055         4.288        -1.248
 Y5            -1.606        -1.064         3.628        -1.706        -2.880
 Y6            -1.215        -0.736         4.002        -1.947        -2.543


           Standardized Residuals (z-scores) for Covariances/Correlations/Residual Corr
              Y6
              ________
 Y6            -2.254


           Normalized Residuals for Covariances/Correlations/Residual Correlations
              Y1            Y2            Y3            Y4            Y5
              ________      ________      ________      ________      ________
 Y1             0.100
 Y2             0.240         0.454
 Y3             4.162         4.376         5.798
 Y4            -0.058         0.041         3.704        -0.877
 Y5            -1.135        -0.764         3.082        -1.166        -1.889
 Y6            -0.872        -0.536         3.427        -1.332        -1.686


           Normalized Residuals for Covariances/Correlations/Residual Correlations
              Y6
              ________
 Y6            -1.518


     ESTIMATED MODEL AND RESIDUALS (OBSERVED - ESTIMATED) FOR FEMALE


           Model Estimated Covariances/Correlations/Residual Correlations
              Y1            Y2            Y3            Y4            Y5
              ________      ________      ________      ________      ________
 Y1             3.207
 Y2             2.744         3.290
 Y3             1.958         1.988         2.087
 Y4             2.396         2.433         1.736         3.795
 Y5             2.406         2.443         1.743         3.228         3.683
 Y6             2.405         2.443         1.743         3.227         3.240


           Model Estimated Covariances/Correlations/Residual Correlations
              Y6
              ________
 Y6             3.764


           Residuals for Covariances/Correlations/Residual Correlations
              Y1            Y2            Y3            Y4            Y5
              ________      ________      ________      ________      ________
 Y1            -0.017
 Y2            -0.038        -0.081
 Y3            -0.668        -0.711        -1.007
 Y4             0.037        -0.028        -0.533         0.166
 Y5             0.151         0.081        -0.534         0.208         0.328
 Y6             0.145         0.114        -0.470         0.211         0.283


           Residuals for Covariances/Correlations/Residual Correlations
              Y6
              ________
 Y6             0.275


           Standardized Residuals (z-scores) for Covariances/Correlations/Residual Corr
              Y1            Y2            Y3            Y4            Y5
              ________      ________      ________      ________      ________
 Y1            -0.137
 Y2            -0.334        -0.670
 Y3           999.000       999.000       999.000
 Y4             0.300        -0.228       -23.642         1.028
 Y5             1.171         0.640       -20.483         1.344         1.925
 Y6             1.123         0.891       -15.454         1.363         1.769


           Standardized Residuals (z-scores) for Covariances/Correlations/Residual Corr
              Y6
              ________
 Y6             1.625


           Normalized Residuals for Covariances/Correlations/Residual Correlations
              Y1            Y2            Y3            Y4            Y5
              ________      ________      ________      ________      ________
 Y1            -0.092
 Y2            -0.222        -0.438
 Y3            -7.237        -7.720       -16.151
 Y4             0.211        -0.158        -5.462         0.727
 Y5             0.843         0.453        -5.436         0.970         1.415
 Y6             0.806         0.633        -4.704         0.980         1.295


           Normalized Residuals for Covariances/Correlations/Residual Correlations
              Y6
              ________
 Y6             1.178


MODEL MODIFICATION INDICES

NOTE:  Modification indices for direct effects of observed dependent variables
regressed on covariates may not be included.  To include these, request
MODINDICES (ALL).

Minimum M.I. value for printing the modification index    10.000

                            M.I.     E.P.C.  Std E.P.C.  StdYX E.P.C.
Group MALE


BY Statements

F1       BY Y1             17.751    -0.124     -0.124       -0.069
F1       BY Y3            272.470     0.493      0.493        0.341
F2       BY Y1             14.130    -0.191     -0.191       -0.107
F2       BY Y3            160.592     0.630      0.630        0.436

ON/BY Statements

F1       ON F1       /
F1       BY F1             25.850     0.185      0.185        0.185
F1       ON F2       /
F2       BY F1             17.424     0.173      0.173        0.173
F2       ON F1       /
F1       BY F2             19.496    -0.182     -0.182       -0.182
F2       ON F2       /
F2       BY F2             16.609    -0.144     -0.144       -0.144

Variances/Residual Variances

Y3                         13.192     0.131      0.131        0.063
F1                         10.797     0.126      0.126        0.126

Group FEMALE


BY Statements

F1       BY Y1             17.757     0.103      0.103        0.058
F1       BY Y3            272.465    -0.411     -0.411       -0.284
F2       BY Y1             14.932     0.192      0.192        0.107
F2       BY Y3            147.427    -0.583     -0.583       -0.403

ON/BY Statements

F1       ON F1       /
F1       BY F1             25.852    -0.185     -0.185       -0.185
F1       ON F2       /
F2       BY F1             17.426    -0.173     -0.173       -0.173
F2       ON F1       /
F1       BY F2             19.498     0.182      0.182        0.182
F2       ON F2       /
F2       BY F2             16.612     0.144      0.144        0.144

Variances/Residual Variances

Y3                         13.206    -0.109     -0.109       -0.052
F1                         10.797    -0.126     -0.126       -0.126



TECHNICAL 1 OUTPUT


     PARAMETER SPECIFICATION FOR MALE


           LAMBDA
              F1            F2
              ________      ________
 Y1                 1             0
 Y2                 2             0
 Y3                 3             0
 Y4                 0             4
 Y5                 0             5
 Y6                 0             6


           THETA
              Y1            Y2            Y3            Y4            Y5
              ________      ________      ________      ________      ________
 Y1                 7
 Y2                 0             8
 Y3                 0             0             9
 Y4                 0             0             0            10
 Y5                 0             0             0             0            11
 Y6                 0             0             0             0             0


           THETA
              Y6
              ________
 Y6                12


           BETA
              F1            F2
              ________      ________
 F1                 0             0
 F2                 0             0


           PSI
              F1            F2
              ________      ________
 F1                 0
 F2                13             0


     PARAMETER SPECIFICATION FOR FEMALE


           LAMBDA
              F1            F2
              ________      ________
 Y1                 1             0
 Y2                 2             0
 Y3                 3             0
 Y4                 0             4
 Y5                 0             5
 Y6                 0             6


           THETA
              Y1            Y2            Y3            Y4            Y5
              ________      ________      ________      ________      ________
 Y1                 7
 Y2                 0             8
 Y3                 0             0             9
 Y4                 0             0             0            10
 Y5                 0             0             0             0            11
 Y6                 0             0             0             0             0


           THETA
              Y6
              ________
 Y6                12


           BETA
              F1            F2
              ________      ________
 F1                 0             0
 F2                 0             0


           PSI
              F1            F2
              ________      ________
 F1                 0
 F2                13             0


     STARTING VALUES FOR MALE


           LAMBDA
              F1            F2
              ________      ________
 Y1             1.000         0.000
 Y2             1.000         0.000
 Y3             1.000         0.000
 Y4             0.000         1.000
 Y5             0.000         1.000
 Y6             0.000         1.000


           THETA
              Y1            Y2            Y3            Y4            Y5
              ________      ________      ________      ________      ________
 Y1             1.617
 Y2             0.000         1.697
 Y3             0.000         0.000         1.651
 Y4             0.000         0.000         0.000         1.801
 Y5             0.000         0.000         0.000         0.000         1.648
 Y6             0.000         0.000         0.000         0.000         0.000


           THETA
              Y6
              ________
 Y6             1.720


           BETA
              F1            F2
              ________      ________
 F1             0.000         0.000
 F2             0.000         0.000


           PSI
              F1            F2
              ________      ________
 F1             1.000
 F2             0.000         1.000


     STARTING VALUES FOR FEMALE


           LAMBDA
              F1            F2
              ________      ________
 Y1             1.000         0.000
 Y2             1.000         0.000
 Y3             1.000         0.000
 Y4             0.000         1.000
 Y5             0.000         1.000
 Y6             0.000         1.000


           THETA
              Y1            Y2            Y3            Y4            Y5
              ________      ________      ________      ________      ________
 Y1             1.617
 Y2             0.000         1.697
 Y3             0.000         0.000         1.651
 Y4             0.000         0.000         0.000         1.801
 Y5             0.000         0.000         0.000         0.000         1.648
 Y6             0.000         0.000         0.000         0.000         0.000


           THETA
              Y6
              ________
 Y6             1.720


           BETA
              F1            F2
              ________      ________
 F1             0.000         0.000
 F2             0.000         0.000


           PSI
              F1            F2
              ________      ________
 F1             1.000
 F2             0.000         1.000


TECHNICAL 4 OUTPUT


     ESTIMATES DERIVED FROM THE MODEL FOR MALE


           ESTIMATED COVARIANCE MATRIX FOR THE LATENT VARIABLES
              F1            F2
              ________      ________
 F1             1.000
 F2             0.813         1.000


           ESTIMATED CORRELATION MATRIX FOR THE LATENT VARIABLES
              F1            F2
              ________      ________
 F1             1.000
 F2             0.813         1.000


     ESTIMATES DERIVED FROM THE MODEL FOR FEMALE


           ESTIMATED COVARIANCE MATRIX FOR THE LATENT VARIABLES
              F1            F2
              ________      ________
 F1             1.000
 F2             0.813         1.000


           ESTIMATED CORRELATION MATRIX FOR THE LATENT VARIABLES
              F1            F2
              ________      ________
 F1             1.000
 F2             0.813         1.000


     Beginning Time:  10:04:11
        Ending Time:  10:04:11
       Elapsed Time:  00:00:00



MUTHEN & MUTHEN
3463 Stoner Ave.
Los Angeles, CA  90066

Tel: (310) 391-9971
Fax: (310) 391-8971
Web: www.StatModel.com
Support: Support@StatModel.com

Copyright (c) 1998-2012 Muthen & Muthen
