Mplus VERSION 7 (Mac)
MUTHEN & MUTHEN
08/12/2015  12:10 PM

INPUT INSTRUCTIONS

  TITLE: Educational Styles (20 Items)
         Confirmatory Factor Model
         (Empathy and Punishment)

  DATA:     FILE is Erz.dat ;
            TYPE is INDIVIDUAL ;
            FORMAT is FREE ;
            NOBSERVATIONS are 1769 ;
            LISTWISE = ON ;

  VARIABLE: NAMES are
            ae0001 ae0004 ae0012 ae0008 ae0017 ae0010 ae0011
            ae0006 ae0022 ae0034 ae0020 ae0021 ae0030 ae0023
            ae0003 ae0013 ae0018 ae0031 ae0032 ae0033 ;
            USEVARIABLES are ae0001 ae0004 ae0012 ae0008 ae0017 ae0010 ae0011
            ae0006 ae0022 ae0034 ae0020 ae0021 ae0030 ae0023
            ae0031 ae0032
            ae0003 ae0013 ae0018 ae0033;
            MISSING are ALL (9) ;

  ANALYSIS: MODEL = NOMEANSTRUCTURE ;
            INFORMATION = EXPECTED ;
            ESTIMATOR = ML;

  MODEL:
         EMP BY ae0001 ae0003 ae0004 ae0006 ae0008 ae0030;
         INC BY ae0031 ae0032 ae0033;
         PUN BY ae0011 ae0012 ae0013 ;
         CON BY ae0017 ae0010 ae0034 ae0018 ae0033;
         MIS BY ae0022 ae0020 ae0021 ae0023;

  OUTPUT: SAMPSTAT RESIDUAL STDYX TECH1 TECH4 ;



INPUT READING TERMINATED NORMALLY



Educational Styles (20 Items)
Confirmatory Factor Model
(Empathy and Punishment)

SUMMARY OF ANALYSIS

Number of groups                                                 1
Number of observations                                        1440

Number of dependent variables                                   20
Number of independent variables                                  0
Number of continuous latent variables                            5

Observed dependent variables

  Continuous
   AE0001      AE0004      AE0012      AE0008      AE0017      AE0010
   AE0011      AE0006      AE0022      AE0034      AE0020      AE0021
   AE0030      AE0023      AE0031      AE0032      AE0003      AE0013
   AE0018      AE0033

Continuous latent variables
   EMP         INC         PUN         CON         MIS


Estimator                                                       ML
Information matrix                                        EXPECTED
Maximum number of iterations                                  1000
Convergence criterion                                    0.500D-04
Maximum number of steepest descent iterations                   20

Input data file(s)
  Erz.dat

Input data format  FREE


SAMPLE STATISTICS


     SAMPLE STATISTICS


           Means
              AE0001        AE0004        AE0012        AE0008        AE0017
              ________      ________      ________      ________      ________
      1         4.019         3.612         1.797         3.597         1.426


           Means
              AE0010        AE0011        AE0006        AE0022        AE0034
              ________      ________      ________      ________      ________
      1         1.622         1.789         3.312         1.083         1.940


           Means
              AE0020        AE0021        AE0030        AE0023        AE0031
              ________      ________      ________      ________      ________
      1         1.102         1.101         4.237         1.067         1.529


           Means
              AE0032        AE0003        AE0013        AE0018        AE0033
              ________      ________      ________      ________      ________
      1         1.740         3.594         1.444         1.457         1.968


           Covariances
              AE0001        AE0004        AE0012        AE0008        AE0017
              ________      ________      ________      ________      ________
 AE0001         0.916
 AE0004         0.490         1.176
 AE0012        -0.089        -0.063         1.328
 AE0008         0.428         0.625        -0.113         1.587
 AE0017        -0.147        -0.195         0.275        -0.230         0.701
 AE0010        -0.141        -0.227         0.238        -0.154         0.302
 AE0011        -0.054        -0.036         0.494        -0.034         0.207
 AE0006         0.399         0.541        -0.057         0.864        -0.191
 AE0022        -0.016        -0.021         0.075        -0.050         0.068
 AE0034        -0.086        -0.125         0.183        -0.135         0.190
 AE0020        -0.035        -0.045         0.078        -0.108         0.143
 AE0021        -0.041        -0.059         0.087        -0.098         0.149
 AE0030         0.307         0.341        -0.125         0.568        -0.200
 AE0023        -0.004        -0.009         0.051        -0.026         0.091
 AE0031        -0.163        -0.141         0.039        -0.205         0.089
 AE0032        -0.026        -0.027        -0.102        -0.083         0.032
 AE0003         0.421         0.568        -0.069         1.031        -0.227
 AE0013        -0.008        -0.051         0.353        -0.019         0.169
 AE0018        -0.117        -0.166         0.254        -0.174         0.359
 AE0033        -0.250        -0.311         0.156        -0.310         0.244


           Covariances
              AE0010        AE0011        AE0006        AE0022        AE0034
              ________      ________      ________      ________      ________
 AE0010         1.002
 AE0011         0.212         1.301
 AE0006        -0.175         0.028         1.687
 AE0022         0.045         0.038        -0.005         0.183
 AE0034         0.365         0.187        -0.054         0.062         1.026
 AE0020         0.077         0.079        -0.044         0.070         0.061
 AE0021         0.106         0.087        -0.045         0.067         0.071
 AE0030        -0.196        -0.102         0.510        -0.054        -0.099
 AE0023         0.057         0.048        -0.013         0.053         0.043
 AE0031         0.125         0.008        -0.145         0.037         0.137
 AE0032         0.102        -0.048        -0.028         0.047         0.094
 AE0003        -0.203        -0.031         0.873        -0.033        -0.110
 AE0013         0.212         0.340        -0.010         0.030         0.156
 AE0018         0.284         0.226        -0.155         0.051         0.163
 AE0033         0.384         0.191        -0.233         0.039         0.339


           Covariances
              AE0020        AE0021        AE0030        AE0023        AE0031
              ________      ________      ________      ________      ________
 AE0020         0.225
 AE0021         0.156         0.230
 AE0030        -0.087        -0.097         1.063
 AE0023         0.086         0.108        -0.053         0.187
 AE0031         0.042         0.051        -0.159         0.037         0.775
 AE0032         0.031         0.035        -0.079         0.035         0.412
 AE0003        -0.105        -0.093         0.640        -0.037        -0.213
 AE0013         0.069         0.088        -0.075         0.083         0.064
 AE0018         0.119         0.148        -0.171         0.102         0.056
 AE0033         0.066         0.091        -0.228         0.026         0.290


           Covariances
              AE0032        AE0003        AE0013        AE0018        AE0033
              ________      ________      ________      ________      ________
 AE0032         0.929
 AE0003        -0.043         1.630
 AE0013         0.002        -0.027         0.875
 AE0018        -0.024        -0.192         0.215         0.719
 AE0033         0.215        -0.280         0.174         0.227         1.271


           Correlations
              AE0001        AE0004        AE0012        AE0008        AE0017
              ________      ________      ________      ________      ________
 AE0001         1.000
 AE0004         0.472         1.000
 AE0012        -0.081        -0.050         1.000
 AE0008         0.355         0.457        -0.078         1.000
 AE0017        -0.183        -0.214         0.285        -0.218         1.000
 AE0010        -0.147        -0.209         0.206        -0.122         0.360
 AE0011        -0.049        -0.029         0.376        -0.024         0.217
 AE0006         0.321         0.384        -0.038         0.528        -0.176
 AE0022        -0.038        -0.046         0.151        -0.094         0.190
 AE0034        -0.088        -0.113         0.157        -0.106         0.224
 AE0020        -0.078        -0.088         0.143        -0.181         0.359
 AE0021        -0.089        -0.113         0.158        -0.162         0.372
 AE0030         0.312         0.305        -0.105         0.437        -0.231
 AE0023        -0.010        -0.020         0.103        -0.048         0.251
 AE0031        -0.194        -0.148         0.038        -0.185         0.120
 AE0032        -0.028        -0.026        -0.092        -0.069         0.039
 AE0003         0.345         0.410        -0.047         0.641        -0.213
 AE0013        -0.009        -0.051         0.327        -0.016         0.216
 AE0018        -0.145        -0.181         0.259        -0.163         0.506
 AE0033        -0.232        -0.254         0.120        -0.218         0.258


           Correlations
              AE0010        AE0011        AE0006        AE0022        AE0034
              ________      ________      ________      ________      ________
 AE0010         1.000
 AE0011         0.186         1.000
 AE0006        -0.135         0.019         1.000
 AE0022         0.104         0.079        -0.009         1.000
 AE0034         0.360         0.162        -0.041         0.143         1.000
 AE0020         0.162         0.145        -0.072         0.344         0.127
 AE0021         0.222         0.160        -0.072         0.324         0.147
 AE0030        -0.190        -0.087         0.381        -0.123        -0.095
 AE0023         0.131         0.098        -0.023         0.285         0.098
 AE0031         0.142         0.008        -0.127         0.099         0.154
 AE0032         0.106        -0.044        -0.022         0.113         0.096
 AE0003        -0.159        -0.021         0.527        -0.060        -0.085
 AE0013         0.226         0.319        -0.008         0.074         0.165
 AE0018         0.334         0.233        -0.141         0.140         0.189
 AE0033         0.340         0.149        -0.159         0.080         0.297


           Correlations
              AE0020        AE0021        AE0030        AE0023        AE0031
              ________      ________      ________      ________      ________
 AE0020         1.000
 AE0021         0.687         1.000
 AE0030        -0.177        -0.196         1.000
 AE0023         0.417         0.520        -0.120         1.000
 AE0031         0.100         0.121        -0.176         0.096         1.000
 AE0032         0.067         0.077        -0.079         0.084         0.486
 AE0003        -0.174        -0.152         0.486        -0.066        -0.190
 AE0013         0.156         0.195        -0.078         0.206         0.078
 AE0018         0.297         0.364        -0.195         0.278         0.075
 AE0033         0.123         0.168        -0.196         0.053         0.292


           Correlations
              AE0032        AE0003        AE0013        AE0018        AE0033
              ________      ________      ________      ________      ________
 AE0032         1.000
 AE0003        -0.035         1.000
 AE0013         0.003        -0.023         1.000
 AE0018        -0.029        -0.178         0.271         1.000
 AE0033         0.198        -0.194         0.165         0.237         1.000


THE MODEL ESTIMATION TERMINATED NORMALLY



MODEL FIT INFORMATION

Number of Free Parameters                       51

Loglikelihood

          H0 Value                      -33738.013
          H1 Value                      -33377.759

Information Criteria

          Akaike (AIC)                   67578.025
          Bayesian (BIC)                 67846.917
          Sample-Size Adjusted BIC       67684.907
            (n* = (n + 2) / 24)

Chi-Square Test of Model Fit

          Value                            720.507
          Degrees of Freedom                   159
          P-Value                           0.0000

RMSEA (Root Mean Square Error Of Approximation)

          Estimate                           0.050
          90 Percent C.I.                    0.046  0.053
          Probability RMSEA <= .05           0.577

CFI/TLI

          CFI                                0.925
          TLI                                0.910

Chi-Square Test of Model Fit for the Baseline Model

          Value                           7671.520
          Degrees of Freedom                   190
          P-Value                           0.0000

SRMR (Standardized Root Mean Square Residual)

          Value                              0.044



MODEL RESULTS

                                                    Two-Tailed
                    Estimate       S.E.  Est./S.E.    P-Value

 EMP      BY
    AE0001             1.000      0.000    999.000    999.000
    AE0003             2.070      0.115     18.077      0.000
    AE0004             1.317      0.084     15.681      0.000
    AE0006             1.776      0.106     16.732      0.000
    AE0008             2.047      0.113     18.089      0.000
    AE0030             1.256      0.080     15.706      0.000

 INC      BY
    AE0031             1.000      0.000    999.000    999.000
    AE0032             0.663      0.073      9.039      0.000
    AE0033             0.367      0.053      6.937      0.000

 PUN      BY
    AE0011             1.000      0.000    999.000    999.000
    AE0012             1.067      0.078     13.668      0.000
    AE0013             0.784      0.059     13.234      0.000

 CON      BY
    AE0017             1.000      0.000    999.000    999.000
    AE0010             0.941      0.054     17.296      0.000
    AE0034             0.675      0.053     12.691      0.000
    AE0018             0.955      0.048     19.912      0.000
    AE0033             0.730      0.059     12.401      0.000

 MIS      BY
    AE0022             1.000      0.000    999.000    999.000
    AE0020             2.133      0.149     14.349      0.000
    AE0021             2.453      0.169     14.491      0.000
    AE0023             1.453      0.111     13.046      0.000

 INC      WITH
    EMP               -0.102      0.013     -7.648      0.000

 PUN      WITH
    EMP               -0.032      0.012     -2.667      0.008
    INC                0.029      0.020      1.470      0.142

 CON      WITH
    EMP               -0.116      0.012     -9.742      0.000
    INC                0.092      0.016      5.581      0.000
    PUN                0.244      0.021     11.693      0.000

 MIS      WITH
    EMP               -0.019      0.003     -6.194      0.000
    INC                0.021      0.005      4.623      0.000
    PUN                0.039      0.005      7.345      0.000
    CON                0.056      0.005     10.392      0.000

 Variances
    EMP                0.233      0.025      9.472      0.000
    INC                0.621      0.070      8.821      0.000
    PUN                0.441      0.047      9.348      0.000
    CON                0.346      0.026     13.265      0.000
    MIS                0.030      0.004      7.379      0.000

 Residual Variances
    AE0001             0.682      0.027     25.166      0.000
    AE0004             0.771      0.032     24.258      0.000
    AE0012             0.826      0.045     18.218      0.000
    AE0008             0.610      0.032     18.789      0.000
    AE0017             0.355      0.019     19.033      0.000
    AE0010             0.696      0.030     23.386      0.000
    AE0011             0.859      0.044     19.572      0.000
    AE0006             0.951      0.041     23.012      0.000
    AE0022             0.154      0.006     25.939      0.000
    AE0034             0.868      0.034     25.430      0.000
    AE0020             0.090      0.005     17.793      0.000
    AE0021             0.051      0.005      9.825      0.000
    AE0030             0.695      0.029     24.236      0.000
    AE0023             0.124      0.005     24.348      0.000
    AE0031             0.153      0.065      2.372      0.018
    AE0032             0.656      0.037     17.517      0.000
    AE0003             0.630      0.033     18.862      0.000
    AE0013             0.603      0.029     20.504      0.000
    AE0018             0.404      0.020     20.621      0.000
    AE0033             0.953      0.039     24.543      0.000


STANDARDIZED MODEL RESULTS


STDYX Standardization

                                                    Two-Tailed
                    Estimate       S.E.  Est./S.E.    P-Value

 EMP      BY
    AE0001             0.505      0.022     22.811      0.000
    AE0003             0.783      0.014     56.735      0.000
    AE0004             0.587      0.020     29.491      0.000
    AE0006             0.660      0.018     37.365      0.000
    AE0008             0.785      0.014     57.011      0.000
    AE0030             0.588      0.020     29.637      0.000

 INC      BY
    AE0031             0.895      0.047     19.146      0.000
    AE0032             0.542      0.034     16.030      0.000
    AE0033             0.257      0.029      8.858      0.000

 PUN      BY
    AE0011             0.582      0.026     22.060      0.000
    AE0012             0.615      0.026     23.511      0.000
    AE0013             0.557      0.027     20.890      0.000

 CON      BY
    AE0017             0.703      0.019     37.219      0.000
    AE0010             0.552      0.023     24.484      0.000
    AE0034             0.392      0.026     14.993      0.000
    AE0018             0.662      0.020     33.374      0.000
    AE0033             0.381      0.026     14.391      0.000

 MIS      BY
    AE0022             0.403      0.024     16.526      0.000
    AE0020             0.775      0.015     51.293      0.000
    AE0021             0.882      0.013     66.140      0.000
    AE0023             0.580      0.020     28.893      0.000

 INC      WITH
    EMP               -0.268      0.032     -8.424      0.000

 PUN      WITH
    EMP               -0.100      0.036     -2.732      0.006
    INC                0.055      0.037      1.474      0.141

 CON      WITH
    EMP               -0.409      0.030    -13.776      0.000
    INC                0.198      0.035      5.699      0.000
    PUN                0.625      0.031     19.967      0.000

 MIS      WITH
    EMP               -0.227      0.030     -7.596      0.000
    INC                0.154      0.032      4.881      0.000
    PUN                0.337      0.034      9.924      0.000
    CON                0.554      0.026     21.133      0.000

 Variances
    EMP                1.000      0.000    999.000    999.000
    INC                1.000      0.000    999.000    999.000
    PUN                1.000      0.000    999.000    999.000
    CON                1.000      0.000    999.000    999.000
    MIS                1.000      0.000    999.000    999.000

 Residual Variances
    AE0001             0.745      0.022     33.379      0.000
    AE0004             0.656      0.023     28.100      0.000
    AE0012             0.622      0.032     19.338      0.000
    AE0008             0.385      0.022     17.808      0.000
    AE0017             0.506      0.027     19.095      0.000
    AE0010             0.695      0.025     27.871      0.000
    AE0011             0.661      0.031     21.499      0.000
    AE0006             0.564      0.023     24.181      0.000
    AE0022             0.838      0.020     42.739      0.000
    AE0034             0.847      0.020     41.408      0.000
    AE0020             0.399      0.023     17.054      0.000
    AE0021             0.223      0.024      9.479      0.000
    AE0030             0.654      0.023     28.010      0.000
    AE0023             0.663      0.023     28.482      0.000
    AE0031             0.198      0.084      2.367      0.018
    AE0032             0.707      0.037     19.299      0.000
    AE0003             0.387      0.022     17.887      0.000
    AE0013             0.690      0.030     23.243      0.000
    AE0018             0.562      0.026     21.422      0.000
    AE0033             0.750      0.023     32.195      0.000


R-SQUARE

    Observed                                        Two-Tailed
    Variable        Estimate       S.E.  Est./S.E.    P-Value

    AE0001             0.255      0.022     11.406      0.000
    AE0004             0.344      0.023     14.745      0.000
    AE0012             0.378      0.032     11.756      0.000
    AE0008             0.615      0.022     28.506      0.000
    AE0017             0.494      0.027     18.609      0.000
    AE0010             0.305      0.025     12.242      0.000
    AE0011             0.339      0.031     11.030      0.000
    AE0006             0.436      0.023     18.682      0.000
    AE0022             0.162      0.020      8.263      0.000
    AE0034             0.153      0.020      7.497      0.000
    AE0020             0.601      0.023     25.646      0.000
    AE0021             0.777      0.024     33.070      0.000
    AE0030             0.346      0.023     14.819      0.000
    AE0023             0.337      0.023     14.447      0.000
    AE0031             0.802      0.084      9.573      0.000
    AE0032             0.293      0.037      8.015      0.000
    AE0003             0.613      0.022     28.367      0.000
    AE0013             0.310      0.030     10.445      0.000
    AE0018             0.438      0.026     16.687      0.000
    AE0033             0.250      0.023     10.713      0.000


QUALITY OF NUMERICAL RESULTS

     Condition Number for the Information Matrix              0.228E-04
       (ratio of smallest to largest eigenvalue)


RESIDUAL OUTPUT


     ESTIMATED MODEL AND RESIDUALS (OBSERVED - ESTIMATED)


           Model Estimated Covariances/Correlations/Residual Correlations
              AE0001        AE0004        AE0012        AE0008        AE0017
              ________      ________      ________      ________      ________
 AE0001         0.915
 AE0004         0.307         1.175
 AE0012        -0.034        -0.045         1.327
 AE0008         0.477         0.628        -0.070         1.586
 AE0017        -0.116        -0.153         0.260        -0.238         0.700
 AE0010        -0.109        -0.144         0.245        -0.224         0.325
 AE0011        -0.032        -0.042         0.470        -0.065         0.244
 AE0006         0.414         0.545        -0.061         0.847        -0.206
 AE0022        -0.019        -0.025         0.041        -0.039         0.056
 AE0034        -0.078        -0.103         0.175        -0.160         0.233
 AE0020        -0.040        -0.053         0.088        -0.082         0.120
 AE0021        -0.046        -0.061         0.101        -0.095         0.138
 AE0030         0.293         0.386        -0.043         0.599        -0.146
 AE0023        -0.027        -0.036         0.060        -0.056         0.082
 AE0031        -0.102        -0.134         0.031        -0.209         0.092
 AE0032        -0.068        -0.089         0.020        -0.138         0.061
 AE0003         0.482         0.636        -0.071         0.988        -0.240
 AE0013        -0.025        -0.033         0.369        -0.051         0.191
 AE0018        -0.111        -0.146         0.248        -0.227         0.330
 AE0033        -0.122        -0.161         0.201        -0.250         0.286


           Model Estimated Covariances/Correlations/Residual Correlations
              AE0010        AE0011        AE0006        AE0022        AE0034
              ________      ________      ________      ________      ________
 AE0010         1.002
 AE0011         0.229         1.300
 AE0006        -0.194        -0.057         1.686
 AE0022         0.053         0.039        -0.033         0.183
 AE0034         0.219         0.164        -0.139         0.038         1.026
 AE0020         0.113         0.082        -0.071         0.063         0.081
 AE0021         0.130         0.095        -0.082         0.073         0.093
 AE0030        -0.137        -0.040         0.520        -0.024        -0.098
 AE0023         0.077         0.056        -0.049         0.043         0.055
 AE0031         0.086         0.029        -0.181         0.021         0.062
 AE0032         0.057         0.019        -0.120         0.014         0.041
 AE0003        -0.226        -0.066         0.857        -0.039        -0.162
 AE0013         0.180         0.346        -0.045         0.030         0.129
 AE0018         0.310         0.233        -0.197         0.054         0.222
 AE0033         0.269         0.188        -0.217         0.049         0.193


           Model Estimated Covariances/Correlations/Residual Correlations
              AE0020        AE0021        AE0030        AE0023        AE0031
              ________      ________      ________      ________      ________
 AE0020         0.225
 AE0021         0.155         0.230
 AE0030        -0.050        -0.058         1.063
 AE0023         0.092         0.106        -0.034         0.186
 AE0031         0.045         0.051        -0.128         0.030         0.774
 AE0032         0.030         0.034        -0.085         0.020         0.411
 AE0003        -0.083        -0.096         0.606        -0.057        -0.211
 AE0013         0.064         0.074        -0.031         0.044         0.023
 AE0018         0.114         0.131        -0.139         0.078         0.088
 AE0033         0.104         0.119        -0.154         0.071         0.295


           Model Estimated Covariances/Correlations/Residual Correlations
              AE0032        AE0003        AE0013        AE0018        AE0033
              ________      ________      ________      ________      ________
 AE0032         0.929
 AE0003        -0.140         1.629
 AE0013         0.015        -0.052         0.875
 AE0018         0.058        -0.230         0.183         0.719
 AE0033         0.196        -0.253         0.148         0.273         1.270


           Residuals for Covariances/Correlations/Residual Correlations
              AE0001        AE0004        AE0012        AE0008        AE0017
              ________      ________      ________      ________      ________
 AE0001         0.000
 AE0004         0.183         0.000
 AE0012        -0.055        -0.018         0.000
 AE0008        -0.050        -0.004        -0.043         0.000
 AE0017        -0.030        -0.041         0.015         0.008         0.000
 AE0010        -0.031        -0.083        -0.007         0.069        -0.023
 AE0011        -0.022         0.006         0.024         0.031        -0.037
 AE0006        -0.015        -0.004         0.004         0.016         0.015
 AE0022         0.003         0.004         0.033        -0.012         0.012
 AE0034        -0.007        -0.021         0.008         0.025        -0.043
 AE0020         0.005         0.008        -0.009        -0.026         0.023
 AE0021         0.005         0.002        -0.014        -0.003         0.011
 AE0030         0.015        -0.045        -0.082        -0.032        -0.054
 AE0023         0.023         0.027        -0.009         0.030         0.009
 AE0031        -0.061        -0.007         0.008         0.004        -0.003
 AE0032         0.041         0.062        -0.123         0.055        -0.029
 AE0003        -0.061        -0.068         0.002         0.043         0.013
 AE0013         0.017        -0.018        -0.016         0.032        -0.022
 AE0018        -0.006        -0.020         0.005         0.053         0.029
 AE0033        -0.128        -0.149        -0.045        -0.060        -0.042


           Residuals for Covariances/Correlations/Residual Correlations
              AE0010        AE0011        AE0006        AE0022        AE0034
              ________      ________      ________      ________      ________
 AE0010         0.000
 AE0011        -0.017         0.000
 AE0006         0.019         0.085         0.000
 AE0022        -0.008         0.000         0.028         0.000
 AE0034         0.146         0.022         0.085         0.024         0.000
 AE0020        -0.036        -0.004         0.027         0.007        -0.020
 AE0021        -0.023        -0.007         0.037        -0.006        -0.022
 AE0030        -0.059        -0.062        -0.010        -0.031        -0.001
 AE0023        -0.020        -0.008         0.036         0.010        -0.012
 AE0031         0.038        -0.020         0.037         0.016         0.075
 AE0032         0.045        -0.067         0.092         0.033         0.053
 AE0003         0.023         0.035         0.016         0.006         0.053
 AE0013         0.032        -0.006         0.035        -0.001         0.027
 AE0018        -0.027        -0.007         0.042        -0.003        -0.060
 AE0033         0.115         0.003        -0.015        -0.010         0.146


           Residuals for Covariances/Correlations/Residual Correlations
              AE0020        AE0021        AE0030        AE0023        AE0031
              ________      ________      ________      ________      ________
 AE0020         0.000
 AE0021         0.001         0.000
 AE0030        -0.036        -0.039         0.000
 AE0023        -0.007         0.002        -0.019         0.000
 AE0031        -0.003         0.000        -0.031         0.006         0.000
 AE0032         0.001         0.001         0.006         0.015         0.001
 AE0003        -0.022         0.003         0.034         0.020        -0.001
 AE0013         0.005         0.013        -0.044         0.039         0.041
 AE0018         0.005         0.017        -0.031         0.024        -0.032
 AE0033        -0.038        -0.029        -0.074        -0.045        -0.005


           Residuals for Covariances/Correlations/Residual Correlations
              AE0032        AE0003        AE0013        AE0018        AE0033
              ________      ________      ________      ________      ________
 AE0032         0.000
 AE0003         0.097         0.000
 AE0013        -0.013         0.025         0.000
 AE0018        -0.082         0.037         0.032         0.000
 AE0033         0.020        -0.027         0.026        -0.047         0.000


           Standardized Residuals (z-scores) for Covariances/Correlations/Residual Corr
              AE0001        AE0004        AE0012        AE0008        AE0017
              ________      ________      ________      ________      ________
 AE0001         0.000
 AE0004         9.092         0.000
 AE0012        -2.100        -0.638         0.000
 AE0008        -4.163        -0.316        -1.513         0.000
 AE0017        -1.703        -2.156         0.972         0.436         0.000
 AE0010        -1.387        -3.296        -0.320         2.764        -2.672
 AE0011        -0.825         0.209         1.982         1.072        -2.427
 AE0006        -0.811        -0.225         0.123         1.136         0.697
 AE0022         0.322         0.319         2.808        -0.918         1.493
 AE0034        -0.307        -0.807         0.299         0.882        -3.903
 AE0020         0.470         0.705        -0.934        -2.402         3.542
 AE0021         0.536         0.222        -1.586        -0.384         2.170
 AE0030         0.870        -2.746        -3.022        -2.727        -2.912
 AE0023         2.320         2.420        -0.788         2.530         1.274
 AE0031        -3.347        -0.354         0.494         0.272        -0.313
 AE0032         1.916         2.653        -4.743         2.350        -1.698
 AE0003        -5.151        -6.052         0.064         3.661         0.739
 AE0013         0.792        -0.773        -1.665         1.313        -1.744
 AE0018        -0.349        -1.025         0.312         2.795         4.187
 AE0033        -4.875        -5.144        -1.700        -1.993        -3.634


           Standardized Residuals (z-scores) for Covariances/Correlations/Residual Corr
              AE0010        AE0011        AE0006        AE0022        AE0034
              ________      ________      ________      ________      ________
 AE0010         0.000
 AE0011        -0.787         0.000
 AE0006         0.669         2.579         0.000
 AE0022        -0.813        -0.010         2.066         0.000
 AE0034         7.317         0.877         2.759         2.251         0.000
 AE0020        -4.179        -0.360         2.153         2.569        -1.989
 AE0021        -2.978        -0.786         3.250        -5.931        -2.310
 AE0030        -2.478        -2.275        -0.577        -2.773        -0.026
 AE0023        -2.165        -0.709         2.788         2.754        -1.203
 AE0031         2.218        -1.151         1.829         1.821         3.644
 AE0032         1.991        -2.594         3.446         3.145         2.186
 AE0003         0.911         1.199         1.099         0.474         1.818
 AE0013         1.671        -0.497         1.280        -0.056         1.296
 AE0018        -2.644        -0.428         1.873        -0.342        -4.839
 AE0033         5.460         0.099        -0.467        -0.855         5.983


           Standardized Residuals (z-scores) for Covariances/Correlations/Residual Corr
              AE0020        AE0021        AE0030        AE0023        AE0031
              ________      ________      ________      ________      ________
 AE0020         0.000
 AE0021         1.546         0.000
 AE0030        -3.359        -3.796         0.000
 AE0023        -4.280         1.791        -1.794         0.000
 AE0031        -0.489        -0.070        -1.735         0.786         0.000
 AE0032         0.111         0.142         0.283         1.478         1.066
 AE0003        -1.999         0.318         2.429         1.691        -0.098
 AE0013         0.549         1.692        -1.936         4.229         2.675
 AE0018         0.753         2.805        -1.662         3.142        -2.677
 AE0033        -3.641        -2.969        -2.738        -4.155        -4.992


           Standardized Residuals (z-scores) for Covariances/Correlations/Residual Corr
              AE0032        AE0003        AE0013        AE0018        AE0033
              ________      ________      ________      ________      ________
 AE0032         0.000
 AE0003         4.110         0.000
 AE0013        -0.587         0.988         0.000
 AE0018        -4.589         1.944         2.231         0.000
 AE0033         1.617        -0.879         1.147        -3.505         0.000


           Normalized Residuals for Covariances/Correlations/Residual Correlations
              AE0001        AE0004        AE0012        AE0008        AE0017
              ________      ________      ________      ________      ________
 AE0001         0.000
 AE0004         6.041         0.000
 AE0012        -1.888        -0.549         0.000
 AE0008        -1.475        -0.105        -1.114         0.000
 AE0017        -1.415        -1.697         0.555         0.274         0.000
 AE0010        -1.229        -2.828        -0.225         2.073        -0.990
 AE0011        -0.750         0.183         0.636         0.821        -1.422
 AE0006        -0.436        -0.109         0.101         0.336         0.511
 AE0022         0.309         0.302         2.546        -0.833         1.234
 AE0034        -0.285        -0.734         0.241         0.745        -1.882
 AE0020         0.406         0.577        -0.640        -1.620         2.062
 AE0021         0.442         0.170        -0.922        -0.212         1.018
 AE0030         0.533        -1.464        -2.603        -0.846        -2.295
 AE0023         2.141         2.173        -0.650         2.071         0.935
 AE0031        -2.700        -0.262         0.309         0.135        -0.168
 AE0032         1.706         2.263        -4.173         1.718        -1.374
 AE0003        -1.803        -1.732         0.047         0.846         0.465
 AE0013         0.727        -0.685        -0.539         1.035        -1.066
 AE0018        -0.295        -0.826         0.191         1.846         1.391
 AE0033        -4.384        -4.495        -1.309        -1.564        -1.654


           Normalized Residuals for Covariances/Correlations/Residual Correlations
              AE0010        AE0011        AE0006        AE0022        AE0034
              ________      ________      ________      ________      ________
 AE0010         0.000
 AE0011        -0.570         0.000
 AE0006         0.549         2.166         0.000
 AE0022        -0.716        -0.009         1.928         0.000
 AE0034         5.132         0.722         2.447         2.084         0.000
 AE0020        -2.831        -0.258         1.658         1.168        -1.553
 AE0021        -1.790        -0.492         2.262        -1.110        -1.667
 AE0030        -2.122        -1.993        -0.276        -2.627        -0.024
 AE0023        -1.746        -0.596         2.430         1.885        -1.047
 AE0031         1.640        -0.775         1.210         1.622         3.163
 AE0032         1.761        -2.314         2.803         2.998         2.055
 AE0003         0.686         0.919         0.326         0.430         1.536
 AE0013         1.246        -0.187         1.094        -0.051         1.082
 AE0018        -1.124        -0.271         1.418        -0.287        -2.595
 AE0033         3.657         0.079        -0.392        -0.776         4.660


           Normalized Residuals for Covariances/Correlations/Residual Correlations
              AE0020        AE0021        AE0030        AE0023        AE0031
              ________      ________      ________      ________      ________
 AE0020         0.000
 AE0021         0.123         0.000
 AE0030        -2.765        -2.927         0.000
 AE0023        -1.127         0.301        -1.612         0.000
 AE0031        -0.264        -0.022        -1.282         0.606         0.000
 AE0032         0.092         0.109         0.242         1.336         0.033
 AE0003        -1.349         0.176         0.880         1.387        -0.049
 AE0013         0.406         1.120        -1.716         3.623         1.897
 AE0018         0.455         1.460        -1.340         2.394        -1.604
 AE0033        -2.682        -1.985        -2.382        -3.503        -0.192


           Normalized Residuals for Covariances/Correlations/Residual Correlations
              AE0032        AE0003        AE0013        AE0018        AE0033
              ________      ________      ________      ________      ________
 AE0032         0.000
 AE0003         3.004         0.000
 AE0013        -0.529         0.779         0.000
 AE0018        -3.816         1.290         1.480         0.000
 AE0033         0.678        -0.688         0.926        -1.798         0.000


TECHNICAL 1 OUTPUT


     PARAMETER SPECIFICATION


           LAMBDA
              EMP           INC           PUN           CON           MIS
              ________      ________      ________      ________      ________
 AE0001             0             0             0             0             0
 AE0004             1             0             0             0             0
 AE0012             0             0             2             0             0
 AE0008             3             0             0             0             0
 AE0017             0             0             0             0             0
 AE0010             0             0             0             4             0
 AE0011             0             0             0             0             0
 AE0006             5             0             0             0             0
 AE0022             0             0             0             0             0
 AE0034             0             0             0             6             0
 AE0020             0             0             0             0             7
 AE0021             0             0             0             0             8
 AE0030             9             0             0             0             0
 AE0023             0             0             0             0            10
 AE0031             0             0             0             0             0
 AE0032             0            11             0             0             0
 AE0003            12             0             0             0             0
 AE0013             0             0            13             0             0
 AE0018             0             0             0            14             0
 AE0033             0            15             0            16             0


           THETA
              AE0001        AE0004        AE0012        AE0008        AE0017
              ________      ________      ________      ________      ________
 AE0001            17
 AE0004             0            18
 AE0012             0             0            19
 AE0008             0             0             0            20
 AE0017             0             0             0             0            21
 AE0010             0             0             0             0             0
 AE0011             0             0             0             0             0
 AE0006             0             0             0             0             0
 AE0022             0             0             0             0             0
 AE0034             0             0             0             0             0
 AE0020             0             0             0             0             0
 AE0021             0             0             0             0             0
 AE0030             0             0             0             0             0
 AE0023             0             0             0             0             0
 AE0031             0             0             0             0             0
 AE0032             0             0             0             0             0
 AE0003             0             0             0             0             0
 AE0013             0             0             0             0             0
 AE0018             0             0             0             0             0
 AE0033             0             0             0             0             0


           THETA
              AE0010        AE0011        AE0006        AE0022        AE0034
              ________      ________      ________      ________      ________
 AE0010            22
 AE0011             0            23
 AE0006             0             0            24
 AE0022             0             0             0            25
 AE0034             0             0             0             0            26
 AE0020             0             0             0             0             0
 AE0021             0             0             0             0             0
 AE0030             0             0             0             0             0
 AE0023             0             0             0             0             0
 AE0031             0             0             0             0             0
 AE0032             0             0             0             0             0
 AE0003             0             0             0             0             0
 AE0013             0             0             0             0             0
 AE0018             0             0             0             0             0
 AE0033             0             0             0             0             0


           THETA
              AE0020        AE0021        AE0030        AE0023        AE0031
              ________      ________      ________      ________      ________
 AE0020            27
 AE0021             0            28
 AE0030             0             0            29
 AE0023             0             0             0            30
 AE0031             0             0             0             0            31
 AE0032             0             0             0             0             0
 AE0003             0             0             0             0             0
 AE0013             0             0             0             0             0
 AE0018             0             0             0             0             0
 AE0033             0             0             0             0             0


           THETA
              AE0032        AE0003        AE0013        AE0018        AE0033
              ________      ________      ________      ________      ________
 AE0032            32
 AE0003             0            33
 AE0013             0             0            34
 AE0018             0             0             0            35
 AE0033             0             0             0             0            36


           BETA
              EMP           INC           PUN           CON           MIS
              ________      ________      ________      ________      ________
 EMP                0             0             0             0             0
 INC                0             0             0             0             0
 PUN                0             0             0             0             0
 CON                0             0             0             0             0
 MIS                0             0             0             0             0


           PSI
              EMP           INC           PUN           CON           MIS
              ________      ________      ________      ________      ________
 EMP               37
 INC               38            39
 PUN               40            41            42
 CON               43            44            45            46
 MIS               47            48            49            50            51


     STARTING VALUES


           LAMBDA
              EMP           INC           PUN           CON           MIS
              ________      ________      ________      ________      ________
 AE0001         1.000         0.000         0.000         0.000         0.000
 AE0004         1.000         0.000         0.000         0.000         0.000
 AE0012         0.000         0.000         1.000         0.000         0.000
 AE0008         1.000         0.000         0.000         0.000         0.000
 AE0017         0.000         0.000         0.000         1.000         0.000
 AE0010         0.000         0.000         0.000         1.000         0.000
 AE0011         0.000         0.000         1.000         0.000         0.000
 AE0006         1.000         0.000         0.000         0.000         0.000
 AE0022         0.000         0.000         0.000         0.000         1.000
 AE0034         0.000         0.000         0.000         1.000         0.000
 AE0020         0.000         0.000         0.000         0.000         1.000
 AE0021         0.000         0.000         0.000         0.000         1.000
 AE0030         1.000         0.000         0.000         0.000         0.000
 AE0023         0.000         0.000         0.000         0.000         1.000
 AE0031         0.000         1.000         0.000         0.000         0.000
 AE0032         0.000         1.000         0.000         0.000         0.000
 AE0003         1.000         0.000         0.000         0.000         0.000
 AE0013         0.000         0.000         1.000         0.000         0.000
 AE0018         0.000         0.000         0.000         1.000         0.000
 AE0033         0.000         1.000         0.000         1.000         0.000


           THETA
              AE0001        AE0004        AE0012        AE0008        AE0017
              ________      ________      ________      ________      ________
 AE0001         0.458
 AE0004         0.000         0.588
 AE0012         0.000         0.000         0.664
 AE0008         0.000         0.000         0.000         0.794
 AE0017         0.000         0.000         0.000         0.000         0.350
 AE0010         0.000         0.000         0.000         0.000         0.000
 AE0011         0.000         0.000         0.000         0.000         0.000
 AE0006         0.000         0.000         0.000         0.000         0.000
 AE0022         0.000         0.000         0.000         0.000         0.000
 AE0034         0.000         0.000         0.000         0.000         0.000
 AE0020         0.000         0.000         0.000         0.000         0.000
 AE0021         0.000         0.000         0.000         0.000         0.000
 AE0030         0.000         0.000         0.000         0.000         0.000
 AE0023         0.000         0.000         0.000         0.000         0.000
 AE0031         0.000         0.000         0.000         0.000         0.000
 AE0032         0.000         0.000         0.000         0.000         0.000
 AE0003         0.000         0.000         0.000         0.000         0.000
 AE0013         0.000         0.000         0.000         0.000         0.000
 AE0018         0.000         0.000         0.000         0.000         0.000
 AE0033         0.000         0.000         0.000         0.000         0.000


           THETA
              AE0010        AE0011        AE0006        AE0022        AE0034
              ________      ________      ________      ________      ________
 AE0010         0.501
 AE0011         0.000         0.650
 AE0006         0.000         0.000         0.843
 AE0022         0.000         0.000         0.000         0.092
 AE0034         0.000         0.000         0.000         0.000         0.513
 AE0020         0.000         0.000         0.000         0.000         0.000
 AE0021         0.000         0.000         0.000         0.000         0.000
 AE0030         0.000         0.000         0.000         0.000         0.000
 AE0023         0.000         0.000         0.000         0.000         0.000
 AE0031         0.000         0.000         0.000         0.000         0.000
 AE0032         0.000         0.000         0.000         0.000         0.000
 AE0003         0.000         0.000         0.000         0.000         0.000
 AE0013         0.000         0.000         0.000         0.000         0.000
 AE0018         0.000         0.000         0.000         0.000         0.000
 AE0033         0.000         0.000         0.000         0.000         0.000


           THETA
              AE0020        AE0021        AE0030        AE0023        AE0031
              ________      ________      ________      ________      ________
 AE0020         0.113
 AE0021         0.000         0.115
 AE0030         0.000         0.000         0.532
 AE0023         0.000         0.000         0.000         0.093
 AE0031         0.000         0.000         0.000         0.000         0.387
 AE0032         0.000         0.000         0.000         0.000         0.000
 AE0003         0.000         0.000         0.000         0.000         0.000
 AE0013         0.000         0.000         0.000         0.000         0.000
 AE0018         0.000         0.000         0.000         0.000         0.000
 AE0033         0.000         0.000         0.000         0.000         0.000


           THETA
              AE0032        AE0003        AE0013        AE0018        AE0033
              ________      ________      ________      ________      ________
 AE0032         0.465
 AE0003         0.000         0.815
 AE0013         0.000         0.000         0.438
 AE0018         0.000         0.000         0.000         0.360
 AE0033         0.000         0.000         0.000         0.000         0.635


           BETA
              EMP           INC           PUN           CON           MIS
              ________      ________      ________      ________      ________
 EMP            0.000         0.000         0.000         0.000         0.000
 INC            0.000         0.000         0.000         0.000         0.000
 PUN            0.000         0.000         0.000         0.000         0.000
 CON            0.000         0.000         0.000         0.000         0.000
 MIS            0.000         0.000         0.000         0.000         0.000


           PSI
              EMP           INC           PUN           CON           MIS
              ________      ________      ________      ________      ________
 EMP            0.050
 INC            0.000         0.050
 PUN            0.000         0.000         0.050
 CON            0.000         0.000         0.000         0.050
 MIS            0.000         0.000         0.000         0.000         0.050


TECHNICAL 4 OUTPUT


     ESTIMATES DERIVED FROM THE MODEL


           ESTIMATED COVARIANCE MATRIX FOR THE LATENT VARIABLES
              EMP           INC           PUN           CON           MIS
              ________      ________      ________      ________      ________
 EMP            0.233
 INC           -0.102         0.621
 PUN           -0.032         0.029         0.441
 CON           -0.116         0.092         0.244         0.346
 MIS           -0.019         0.021         0.039         0.056         0.030


           ESTIMATED CORRELATION MATRIX FOR THE LATENT VARIABLES
              EMP           INC           PUN           CON           MIS
              ________      ________      ________      ________      ________
 EMP            1.000
 INC           -0.268         1.000
 PUN           -0.100         0.055         1.000
 CON           -0.409         0.198         0.625         1.000
 MIS           -0.227         0.154         0.337         0.554         1.000


     Beginning Time:  12:10:42
        Ending Time:  12:10:43
       Elapsed Time:  00:00:01



MUTHEN & MUTHEN
3463 Stoner Ave.
Los Angeles, CA  90066

Tel: (310) 391-9971
Fax: (310) 391-8971
Web: www.StatModel.com
Support: Support@StatModel.com

Copyright (c) 1998-2012 Muthen & Muthen
